Extracting support files...
12:47:19 **** Build of configuration HardwareDebug for project RTOSDemo ****
make -r -k -j2 all 
'Scanning and building file: C:/Renesas/GitHubDesktop/work/FreeRTOS/FreeRTOS/Demo/Common/Minimal/BlockQ.c'
'Scanning and building file: C:/Renesas/GitHubDesktop/work/FreeRTOS/FreeRTOS/Demo/Common/Minimal/EventGroupsDemo.c'
'Invoking: Scanner and Compiler'
ccrx -subcommand="src\FreeRTOS_Demo\Full_Demo\Standard_Demo_Tasks\cDepSubCommand.tmp" -output=dep="src/FreeRTOS_Demo/Full_Demo/Standard_Demo_Tasks/EventGroupsDemo.d"  -MT="src/FreeRTOS_Demo/Full_Demo/Standard_Demo_Tasks/EventGroupsDemo.obj"  -MT="src/FreeRTOS_Demo/Full_Demo/Standard_Demo_Tasks/EventGroupsDemo.d" "C:/Renesas/GitHubDesktop/work/FreeRTOS/FreeRTOS/Demo/Common/Minimal/EventGroupsDemo.c"
'Invoking: Scanner and Compiler'
ccrx -subcommand="src\FreeRTOS_Demo\Full_Demo\Standard_Demo_Tasks\cDepSubCommand.tmp" -output=dep="src/FreeRTOS_Demo/Full_Demo/Standard_Demo_Tasks/BlockQ.d"  -MT="src/FreeRTOS_Demo/Full_Demo/Standard_Demo_Tasks/BlockQ.obj"  -MT="src/FreeRTOS_Demo/Full_Demo/Standard_Demo_Tasks/BlockQ.d" "C:/Renesas/GitHubDesktop/work/FreeRTOS/FreeRTOS/Demo/Common/Minimal/BlockQ.c"
ccrx -subcommand="src\FreeRTOS_Demo\Full_Demo\Standard_Demo_Tasks\cSubCommand.tmp" "C:/Renesas/GitHubDesktop/work/FreeRTOS/FreeRTOS/Demo/Common/Minimal/EventGroupsDemo.c"
ccrx -subcommand="src\FreeRTOS_Demo\Full_Demo\Standard_Demo_Tasks\cSubCommand.tmp" "C:/Renesas/GitHubDesktop/work/FreeRTOS/FreeRTOS/Demo/Common/Minimal/BlockQ.c"
'Finished Scanning and building: C:/Renesas/GitHubDesktop/work/FreeRTOS/FreeRTOS/Demo/Common/Minimal/BlockQ.c'
'Finished Scanning and building: C:/Renesas/GitHubDesktop/work/FreeRTOS/FreeRTOS/Demo/Common/Minimal/EventGroupsDemo.c'


'Scanning and building file: C:/Renesas/GitHubDesktop/work/FreeRTOS/FreeRTOS/Demo/Common/Minimal/GenQTest.c'
'Scanning and building file: C:/Renesas/GitHubDesktop/work/FreeRTOS/FreeRTOS/Demo/Common/Minimal/IntQueue.c'
'Invoking: Scanner and Compiler'
ccrx -subcommand="src\FreeRTOS_Demo\Full_Demo\Standard_Demo_Tasks\cDepSubCommand.tmp" -output=dep="src/FreeRTOS_Demo/Full_Demo/Standard_Demo_Tasks/GenQTest.d"  -MT="src/FreeRTOS_Demo/Full_Demo/Standard_Demo_Tasks/GenQTest.obj"  -MT="src/FreeRTOS_Demo/Full_Demo/Standard_Demo_Tasks/GenQTest.d" "C:/Renesas/GitHubDesktop/work/FreeRTOS/FreeRTOS/Demo/Common/Minimal/GenQTest.c"
'Invoking: Scanner and Compiler'
ccrx -subcommand="src\FreeRTOS_Demo\Full_Demo\Standard_Demo_Tasks\cDepSubCommand.tmp" -output=dep="src/FreeRTOS_Demo/Full_Demo/Standard_Demo_Tasks/IntQueue.d"  -MT="src/FreeRTOS_Demo/Full_Demo/Standard_Demo_Tasks/IntQueue.obj"  -MT="src/FreeRTOS_Demo/Full_Demo/Standard_Demo_Tasks/IntQueue.d" "C:/Renesas/GitHubDesktop/work/FreeRTOS/FreeRTOS/Demo/Common/Minimal/IntQueue.c"
ccrx -subcommand="src\FreeRTOS_Demo\Full_Demo\Standard_Demo_Tasks\cSubCommand.tmp" "C:/Renesas/GitHubDesktop/work/FreeRTOS/FreeRTOS/Demo/Common/Minimal/GenQTest.c"
ccrx -subcommand="src\FreeRTOS_Demo\Full_Demo\Standard_Demo_Tasks\cSubCommand.tmp" "C:/Renesas/GitHubDesktop/work/FreeRTOS/FreeRTOS/Demo/Common/Minimal/IntQueue.c"
'Finished Scanning and building: C:/Renesas/GitHubDesktop/work/FreeRTOS/FreeRTOS/Demo/Common/Minimal/IntQueue.c'
'Finished Scanning and building: C:/Renesas/GitHubDesktop/work/FreeRTOS/FreeRTOS/Demo/Common/Minimal/GenQTest.c'


'Scanning and building file: C:/Renesas/GitHubDesktop/work/FreeRTOS/FreeRTOS/Demo/Common/Minimal/IntSemTest.c'
'Scanning and building file: C:/Renesas/GitHubDesktop/work/FreeRTOS/FreeRTOS/Demo/Common/Minimal/QueueOverwrite.c'
'Invoking: Scanner and Compiler'
ccrx -subcommand="src\FreeRTOS_Demo\Full_Demo\Standard_Demo_Tasks\cDepSubCommand.tmp" -output=dep="src/FreeRTOS_Demo/Full_Demo/Standard_Demo_Tasks/IntSemTest.d"  -MT="src/FreeRTOS_Demo/Full_Demo/Standard_Demo_Tasks/IntSemTest.obj"  -MT="src/FreeRTOS_Demo/Full_Demo/Standard_Demo_Tasks/IntSemTest.d" "C:/Renesas/GitHubDesktop/work/FreeRTOS/FreeRTOS/Demo/Common/Minimal/IntSemTest.c"
'Invoking: Scanner and Compiler'
ccrx -subcommand="src\FreeRTOS_Demo\Full_Demo\Standard_Demo_Tasks\cDepSubCommand.tmp" -output=dep="src/FreeRTOS_Demo/Full_Demo/Standard_Demo_Tasks/QueueOverwrite.d"  -MT="src/FreeRTOS_Demo/Full_Demo/Standard_Demo_Tasks/QueueOverwrite.obj"  -MT="src/FreeRTOS_Demo/Full_Demo/Standard_Demo_Tasks/QueueOverwrite.d" "C:/Renesas/GitHubDesktop/work/FreeRTOS/FreeRTOS/Demo/Common/Minimal/QueueOverwrite.c"
ccrx -subcommand="src\FreeRTOS_Demo\Full_Demo\Standard_Demo_Tasks\cSubCommand.tmp" "C:/Renesas/GitHubDesktop/work/FreeRTOS/FreeRTOS/Demo/Common/Minimal/IntSemTest.c"
ccrx -subcommand="src\FreeRTOS_Demo\Full_Demo\Standard_Demo_Tasks\cSubCommand.tmp" "C:/Renesas/GitHubDesktop/work/FreeRTOS/FreeRTOS/Demo/Common/Minimal/QueueOverwrite.c"
'Finished Scanning and building: C:/Renesas/GitHubDesktop/work/FreeRTOS/FreeRTOS/Demo/Common/Minimal/IntSemTest.c'
'Finished Scanning and building: C:/Renesas/GitHubDesktop/work/FreeRTOS/FreeRTOS/Demo/Common/Minimal/QueueOverwrite.c'


'Scanning and building file: C:/Renesas/GitHubDesktop/work/FreeRTOS/FreeRTOS/Demo/Common/Minimal/TaskNotify.c'
'Invoking: Scanner and Compiler'
ccrx -subcommand="src\FreeRTOS_Demo\Full_Demo\Standard_Demo_Tasks\cDepSubCommand.tmp" -output=dep="src/FreeRTOS_Demo/Full_Demo/Standard_Demo_Tasks/TaskNotify.d"  -MT="src/FreeRTOS_Demo/Full_Demo/Standard_Demo_Tasks/TaskNotify.obj"  -MT="src/FreeRTOS_Demo/Full_Demo/Standard_Demo_Tasks/TaskNotify.d" "C:/Renesas/GitHubDesktop/work/FreeRTOS/FreeRTOS/Demo/Common/Minimal/TaskNotify.c"
'Scanning and building file: C:/Renesas/GitHubDesktop/work/FreeRTOS/FreeRTOS/Demo/Common/Minimal/TaskNotifyArray.c'
'Invoking: Scanner and Compiler'
ccrx -subcommand="src\FreeRTOS_Demo\Full_Demo\Standard_Demo_Tasks\cDepSubCommand.tmp" -output=dep="src/FreeRTOS_Demo/Full_Demo/Standard_Demo_Tasks/TaskNotifyArray.d"  -MT="src/FreeRTOS_Demo/Full_Demo/Standard_Demo_Tasks/TaskNotifyArray.obj"  -MT="src/FreeRTOS_Demo/Full_Demo/Standard_Demo_Tasks/TaskNotifyArray.d" "C:/Renesas/GitHubDesktop/work/FreeRTOS/FreeRTOS/Demo/Common/Minimal/TaskNotifyArray.c"
ccrx -subcommand="src\FreeRTOS_Demo\Full_Demo\Standard_Demo_Tasks\cSubCommand.tmp" "C:/Renesas/GitHubDesktop/work/FreeRTOS/FreeRTOS/Demo/Common/Minimal/TaskNotify.c"
ccrx -subcommand="src\FreeRTOS_Demo\Full_Demo\Standard_Demo_Tasks\cSubCommand.tmp" "C:/Renesas/GitHubDesktop/work/FreeRTOS/FreeRTOS/Demo/Common/Minimal/TaskNotifyArray.c"
'Finished Scanning and building: C:/Renesas/GitHubDesktop/work/FreeRTOS/FreeRTOS/Demo/Common/Minimal/TaskNotify.c'

'Scanning and building file: C:/Renesas/GitHubDesktop/work/FreeRTOS/FreeRTOS/Demo/Common/Minimal/TimerDemo.c'
'Invoking: Scanner and Compiler'
ccrx -subcommand="src\FreeRTOS_Demo\Full_Demo\Standard_Demo_Tasks\cDepSubCommand.tmp" -output=dep="src/FreeRTOS_Demo/Full_Demo/Standard_Demo_Tasks/TimerDemo.d"  -MT="src/FreeRTOS_Demo/Full_Demo/Standard_Demo_Tasks/TimerDemo.obj"  -MT="src/FreeRTOS_Demo/Full_Demo/Standard_Demo_Tasks/TimerDemo.d" "C:/Renesas/GitHubDesktop/work/FreeRTOS/FreeRTOS/Demo/Common/Minimal/TimerDemo.c"
ccrx -subcommand="src\FreeRTOS_Demo\Full_Demo\Standard_Demo_Tasks\cSubCommand.tmp" "C:/Renesas/GitHubDesktop/work/FreeRTOS/FreeRTOS/Demo/Common/Minimal/TimerDemo.c"
'Finished Scanning and building: C:/Renesas/GitHubDesktop/work/FreeRTOS/FreeRTOS/Demo/Common/Minimal/TaskNotifyArray.c'

'Scanning and building file: C:/Renesas/GitHubDesktop/work/FreeRTOS/FreeRTOS/Demo/Common/Minimal/blocktim.c'
'Invoking: Scanner and Compiler'
'Finished Scanning and building: C:/Renesas/GitHubDesktop/work/FreeRTOS/FreeRTOS/Demo/Common/Minimal/TimerDemo.c'
ccrx -subcommand="src\FreeRTOS_Demo\Full_Demo\Standard_Demo_Tasks\cDepSubCommand.tmp" -output=dep="src/FreeRTOS_Demo/Full_Demo/Standard_Demo_Tasks/blocktim.d"  -MT="src/FreeRTOS_Demo/Full_Demo/Standard_Demo_Tasks/blocktim.obj"  -MT="src/FreeRTOS_Demo/Full_Demo/Standard_Demo_Tasks/blocktim.d" "C:/Renesas/GitHubDesktop/work/FreeRTOS/FreeRTOS/Demo/Common/Minimal/blocktim.c"

'Scanning and building file: C:/Renesas/GitHubDesktop/work/FreeRTOS/FreeRTOS/Demo/Common/Minimal/countsem.c'
ccrx -subcommand="src\FreeRTOS_Demo\Full_Demo\Standard_Demo_Tasks\cSubCommand.tmp" "C:/Renesas/GitHubDesktop/work/FreeRTOS/FreeRTOS/Demo/Common/Minimal/blocktim.c"
'Invoking: Scanner and Compiler'
ccrx -subcommand="src\FreeRTOS_Demo\Full_Demo\Standard_Demo_Tasks\cDepSubCommand.tmp" -output=dep="src/FreeRTOS_Demo/Full_Demo/Standard_Demo_Tasks/countsem.d"  -MT="src/FreeRTOS_Demo/Full_Demo/Standard_Demo_Tasks/countsem.obj"  -MT="src/FreeRTOS_Demo/Full_Demo/Standard_Demo_Tasks/countsem.d" "C:/Renesas/GitHubDesktop/work/FreeRTOS/FreeRTOS/Demo/Common/Minimal/countsem.c"
ccrx -subcommand="src\FreeRTOS_Demo\Full_Demo\Standard_Demo_Tasks\cSubCommand.tmp" "C:/Renesas/GitHubDesktop/work/FreeRTOS/FreeRTOS/Demo/Common/Minimal/countsem.c"
'Finished Scanning and building: C:/Renesas/GitHubDesktop/work/FreeRTOS/FreeRTOS/Demo/Common/Minimal/blocktim.c'

'Scanning and building file: C:/Renesas/GitHubDesktop/work/FreeRTOS/FreeRTOS/Demo/Common/Minimal/death.c'
'Finished Scanning and building: C:/Renesas/GitHubDesktop/work/FreeRTOS/FreeRTOS/Demo/Common/Minimal/countsem.c'

'Invoking: Scanner and Compiler'
ccrx -subcommand="src\FreeRTOS_Demo\Full_Demo\Standard_Demo_Tasks\cDepSubCommand.tmp" -output=dep="src/FreeRTOS_Demo/Full_Demo/Standard_Demo_Tasks/death.d"  -MT="src/FreeRTOS_Demo/Full_Demo/Standard_Demo_Tasks/death.obj"  -MT="src/FreeRTOS_Demo/Full_Demo/Standard_Demo_Tasks/death.d" "C:/Renesas/GitHubDesktop/work/FreeRTOS/FreeRTOS/Demo/Common/Minimal/death.c"
'Scanning and building file: C:/Renesas/GitHubDesktop/work/FreeRTOS/FreeRTOS/Demo/Common/Minimal/dynamic.c'
'Invoking: Scanner and Compiler'
ccrx -subcommand="src\FreeRTOS_Demo\Full_Demo\Standard_Demo_Tasks\cDepSubCommand.tmp" -output=dep="src/FreeRTOS_Demo/Full_Demo/Standard_Demo_Tasks/dynamic.d"  -MT="src/FreeRTOS_Demo/Full_Demo/Standard_Demo_Tasks/dynamic.obj"  -MT="src/FreeRTOS_Demo/Full_Demo/Standard_Demo_Tasks/dynamic.d" "C:/Renesas/GitHubDesktop/work/FreeRTOS/FreeRTOS/Demo/Common/Minimal/dynamic.c"
ccrx -subcommand="src\FreeRTOS_Demo\Full_Demo\Standard_Demo_Tasks\cSubCommand.tmp" "C:/Renesas/GitHubDesktop/work/FreeRTOS/FreeRTOS/Demo/Common/Minimal/death.c"
ccrx -subcommand="src\FreeRTOS_Demo\Full_Demo\Standard_Demo_Tasks\cSubCommand.tmp" "C:/Renesas/GitHubDesktop/work/FreeRTOS/FreeRTOS/Demo/Common/Minimal/dynamic.c"
'Finished Scanning and building: C:/Renesas/GitHubDesktop/work/FreeRTOS/FreeRTOS/Demo/Common/Minimal/dynamic.c'
'Finished Scanning and building: C:/Renesas/GitHubDesktop/work/FreeRTOS/FreeRTOS/Demo/Common/Minimal/death.c'


'Scanning and building file: C:/Renesas/GitHubDesktop/work/FreeRTOS/FreeRTOS/Demo/Common/Minimal/flop.c'
'Scanning and building file: C:/Renesas/GitHubDesktop/work/FreeRTOS/FreeRTOS/Demo/Common/Minimal/recmutex.c'
'Invoking: Scanner and Compiler'
ccrx -subcommand="src\FreeRTOS_Demo\Full_Demo\Standard_Demo_Tasks\cDepSubCommand.tmp" -output=dep="src/FreeRTOS_Demo/Full_Demo/Standard_Demo_Tasks/flop.d"  -MT="src/FreeRTOS_Demo/Full_Demo/Standard_Demo_Tasks/flop.obj"  -MT="src/FreeRTOS_Demo/Full_Demo/Standard_Demo_Tasks/flop.d" "C:/Renesas/GitHubDesktop/work/FreeRTOS/FreeRTOS/Demo/Common/Minimal/flop.c"
'Invoking: Scanner and Compiler'
ccrx -subcommand="src\FreeRTOS_Demo\Full_Demo\Standard_Demo_Tasks\cDepSubCommand.tmp" -output=dep="src/FreeRTOS_Demo/Full_Demo/Standard_Demo_Tasks/recmutex.d"  -MT="src/FreeRTOS_Demo/Full_Demo/Standard_Demo_Tasks/recmutex.obj"  -MT="src/FreeRTOS_Demo/Full_Demo/Standard_Demo_Tasks/recmutex.d" "C:/Renesas/GitHubDesktop/work/FreeRTOS/FreeRTOS/Demo/Common/Minimal/recmutex.c"
ccrx -subcommand="src\FreeRTOS_Demo\Full_Demo\Standard_Demo_Tasks\cSubCommand.tmp" "C:/Renesas/GitHubDesktop/work/FreeRTOS/FreeRTOS/Demo/Common/Minimal/recmutex.c"
ccrx -subcommand="src\FreeRTOS_Demo\Full_Demo\Standard_Demo_Tasks\cSubCommand.tmp" "C:/Renesas/GitHubDesktop/work/FreeRTOS/FreeRTOS/Demo/Common/Minimal/flop.c"
'Finished Scanning and building: C:/Renesas/GitHubDesktop/work/FreeRTOS/FreeRTOS/Demo/Common/Minimal/recmutex.c'

'Finished Scanning and building: C:/Renesas/GitHubDesktop/work/FreeRTOS/FreeRTOS/Demo/Common/Minimal/flop.c'
'Scanning and building file: C:/Renesas/GitHubDesktop/work/FreeRTOS/FreeRTOS/Demo/Common/Minimal/semtest.c'

'Invoking: Scanner and Compiler'
ccrx -subcommand="src\FreeRTOS_Demo\Full_Demo\Standard_Demo_Tasks\cDepSubCommand.tmp" -output=dep="src/FreeRTOS_Demo/Full_Demo/Standard_Demo_Tasks/semtest.d"  -MT="src/FreeRTOS_Demo/Full_Demo/Standard_Demo_Tasks/semtest.obj"  -MT="src/FreeRTOS_Demo/Full_Demo/Standard_Demo_Tasks/semtest.d" "C:/Renesas/GitHubDesktop/work/FreeRTOS/FreeRTOS/Demo/Common/Minimal/semtest.c"
'Scanning and building file: ../src/smc_gen/general/r_cg_hardware_setup.c'
'Invoking: Scanner and Compiler'
ccrx -subcommand="src\FreeRTOS_Demo\Full_Demo\Standard_Demo_Tasks\cSubCommand.tmp" "C:/Renesas/GitHubDesktop/work/FreeRTOS/FreeRTOS/Demo/Common/Minimal/semtest.c"
ccrx -subcommand="src\smc_gen\general\cDepSubCommand.tmp" -output=dep="src/smc_gen/general/r_cg_hardware_setup.d"  -MT="src/smc_gen/general/r_cg_hardware_setup.obj"  -MT="src/smc_gen/general/r_cg_hardware_setup.d" -listfile="src/smc_gen/general/r_cg_hardware_setup.lst" "../src/smc_gen/general/r_cg_hardware_setup.c"
ccrx -subcommand="src\smc_gen\general\cSubCommand.tmp" -listfile="src/smc_gen/general/r_cg_hardware_setup.lst" "../src/smc_gen/general/r_cg_hardware_setup.c"
'Finished Scanning and building: C:/Renesas/GitHubDesktop/work/FreeRTOS/FreeRTOS/Demo/Common/Minimal/semtest.c'

'Scanning and building file: ../src/smc_gen/general/r_smc_cgc.c'
'Invoking: Scanner and Compiler'
ccrx -subcommand="src\smc_gen\general\cDepSubCommand.tmp" -output=dep="src/smc_gen/general/r_smc_cgc.d"  -MT="src/smc_gen/general/r_smc_cgc.obj"  -MT="src/smc_gen/general/r_smc_cgc.d" -listfile="src/smc_gen/general/r_smc_cgc.lst" "../src/smc_gen/general/r_smc_cgc.c"
'Finished Scanning and building: ../src/smc_gen/general/r_cg_hardware_setup.c'

ccrx -subcommand="src\smc_gen\general\cSubCommand.tmp" -listfile="src/smc_gen/general/r_smc_cgc.lst" "../src/smc_gen/general/r_smc_cgc.c"
'Scanning and building file: ../src/smc_gen/general/r_smc_cgc_user.c'
'Invoking: Scanner and Compiler'
ccrx -subcommand="src\smc_gen\general\cDepSubCommand.tmp" -output=dep="src/smc_gen/general/r_smc_cgc_user.d"  -MT="src/smc_gen/general/r_smc_cgc_user.obj"  -MT="src/smc_gen/general/r_smc_cgc_user.d" -listfile="src/smc_gen/general/r_smc_cgc_user.lst" "../src/smc_gen/general/r_smc_cgc_user.c"
ccrx -subcommand="src\smc_gen\general\cSubCommand.tmp" -listfile="src/smc_gen/general/r_smc_cgc_user.lst" "../src/smc_gen/general/r_smc_cgc_user.c"
'Finished Scanning and building: ../src/smc_gen/general/r_smc_cgc.c'

'Finished Scanning and building: ../src/smc_gen/general/r_smc_cgc_user.c'
'Scanning and building file: ../src/smc_gen/general/r_smc_interrupt.c'

'Invoking: Scanner and Compiler'
ccrx -subcommand="src\smc_gen\general\cDepSubCommand.tmp" -output=dep="src/smc_gen/general/r_smc_interrupt.d"  -MT="src/smc_gen/general/r_smc_interrupt.obj"  -MT="src/smc_gen/general/r_smc_interrupt.d" -listfile="src/smc_gen/general/r_smc_interrupt.lst" "../src/smc_gen/general/r_smc_interrupt.c"
'Scanning and building file: C:/Renesas/GitHubDesktop/work/FreeRTOS/FreeRTOS/Source/portable/Renesas/RX_RenesasSim/port.c'
'Invoking: Scanner and Compiler'
ccrx -subcommand="src\FreeRTOS\Source\portable\Renesas\RX_RenesasSim\cDepSubCommand.tmp" -output=dep="src/FreeRTOS/Source/portable/Renesas/RX_RenesasSim/port.d"  -MT="src/FreeRTOS/Source/portable/Renesas/RX_RenesasSim/port.obj"  -MT="src/FreeRTOS/Source/portable/Renesas/RX_RenesasSim/port.d" "C:/Renesas/GitHubDesktop/work/FreeRTOS/FreeRTOS/Source/portable/Renesas/RX_RenesasSim/port.c"
C:/Renesas/GitHubDesktop/work/FreeRTOS/FreeRTOS/Source/portable/Renesas/RX_RenesasSim/port.c(51):W0521105:#warning directive: Testing for DPFPU support in this port is not yet complete
ccrx -subcommand="src\smc_gen\general\cSubCommand.tmp" -listfile="src/smc_gen/general/r_smc_interrupt.lst" "../src/smc_gen/general/r_smc_interrupt.c"
ccrx -subcommand="src\FreeRTOS\Source\portable\Renesas\RX_RenesasSim\cSubCommand.tmp" "C:/Renesas/GitHubDesktop/work/FreeRTOS/FreeRTOS/Source/portable/Renesas/RX_RenesasSim/port.c"
C:/Renesas/GitHubDesktop/work/FreeRTOS/FreeRTOS/Source/portable/Renesas/RX_RenesasSim/port.c(51):W0521105:#warning directive: Testing for DPFPU support in this port is not yet complete
'Finished Scanning and building: ../src/smc_gen/general/r_smc_interrupt.c'
'Finished Scanning and building: C:/Renesas/GitHubDesktop/work/FreeRTOS/FreeRTOS/Source/portable/Renesas/RX_RenesasSim/port.c'


'Scanning and building file: ../src/smc_gen/r_bsp/mcu/all/dbsct.c'
'Scanning and building file: ../src/smc_gen/r_bsp/mcu/all/lowlvl.c'
'Invoking: Scanner and Compiler'
ccrx -subcommand="src\smc_gen\r_bsp\mcu\all\cDepSubCommand.tmp" -output=dep="src/smc_gen/r_bsp/mcu/all/dbsct.d"  -MT="src/smc_gen/r_bsp/mcu/all/dbsct.obj"  -MT="src/smc_gen/r_bsp/mcu/all/dbsct.d" -listfile="src/smc_gen/r_bsp/mcu/all/dbsct.lst" "../src/smc_gen/r_bsp/mcu/all/dbsct.c"
'Invoking: Scanner and Compiler'
ccrx -subcommand="src\smc_gen\r_bsp\mcu\all\cDepSubCommand.tmp" -output=dep="src/smc_gen/r_bsp/mcu/all/lowlvl.d"  -MT="src/smc_gen/r_bsp/mcu/all/lowlvl.obj"  -MT="src/smc_gen/r_bsp/mcu/all/lowlvl.d" -listfile="src/smc_gen/r_bsp/mcu/all/lowlvl.lst" "../src/smc_gen/r_bsp/mcu/all/lowlvl.c"
ccrx -subcommand="src\smc_gen\r_bsp\mcu\all\cSubCommand.tmp" -listfile="src/smc_gen/r_bsp/mcu/all/dbsct.lst" "../src/smc_gen/r_bsp/mcu/all/dbsct.c"
ccrx -subcommand="src\smc_gen\r_bsp\mcu\all\cSubCommand.tmp" -listfile="src/smc_gen/r_bsp/mcu/all/lowlvl.lst" "../src/smc_gen/r_bsp/mcu/all/lowlvl.c"
'Finished Scanning and building: ../src/smc_gen/r_bsp/mcu/all/dbsct.c'

'Finished Scanning and building: ../src/smc_gen/r_bsp/mcu/all/lowlvl.c'
'Scanning and building file: ../src/smc_gen/r_bsp/mcu/all/lowsrc.c'

'Invoking: Scanner and Compiler'
'Scanning and building file: ../src/smc_gen/r_bsp/mcu/all/mcu_locks.c'
ccrx -subcommand="src\smc_gen\r_bsp\mcu\all\cDepSubCommand.tmp" -output=dep="src/smc_gen/r_bsp/mcu/all/lowsrc.d"  -MT="src/smc_gen/r_bsp/mcu/all/lowsrc.obj"  -MT="src/smc_gen/r_bsp/mcu/all/lowsrc.d" -listfile="src/smc_gen/r_bsp/mcu/all/lowsrc.lst" "../src/smc_gen/r_bsp/mcu/all/lowsrc.c"
'Invoking: Scanner and Compiler'
ccrx -subcommand="src\smc_gen\r_bsp\mcu\all\cDepSubCommand.tmp" -output=dep="src/smc_gen/r_bsp/mcu/all/mcu_locks.d"  -MT="src/smc_gen/r_bsp/mcu/all/mcu_locks.obj"  -MT="src/smc_gen/r_bsp/mcu/all/mcu_locks.d" -listfile="src/smc_gen/r_bsp/mcu/all/mcu_locks.lst" "../src/smc_gen/r_bsp/mcu/all/mcu_locks.c"
ccrx -subcommand="src\smc_gen\r_bsp\mcu\all\cSubCommand.tmp" -listfile="src/smc_gen/r_bsp/mcu/all/lowsrc.lst" "../src/smc_gen/r_bsp/mcu/all/lowsrc.c"
ccrx -subcommand="src\smc_gen\r_bsp\mcu\all\cSubCommand.tmp" -listfile="src/smc_gen/r_bsp/mcu/all/mcu_locks.lst" "../src/smc_gen/r_bsp/mcu/all/mcu_locks.c"
'Finished Scanning and building: ../src/smc_gen/r_bsp/mcu/all/lowsrc.c'

'Scanning and building file: ../src/smc_gen/r_bsp/mcu/all/r_bsp_common.c'
'Finished Scanning and building: ../src/smc_gen/r_bsp/mcu/all/mcu_locks.c'
'Invoking: Scanner and Compiler'
ccrx -subcommand="src\smc_gen\r_bsp\mcu\all\cDepSubCommand.tmp" -output=dep="src/smc_gen/r_bsp/mcu/all/r_bsp_common.d"  -MT="src/smc_gen/r_bsp/mcu/all/r_bsp_common.obj"  -MT="src/smc_gen/r_bsp/mcu/all/r_bsp_common.d" -listfile="src/smc_gen/r_bsp/mcu/all/r_bsp_common.lst" "../src/smc_gen/r_bsp/mcu/all/r_bsp_common.c"

ccrx -subcommand="src\smc_gen\r_bsp\mcu\all\cSubCommand.tmp" -listfile="src/smc_gen/r_bsp/mcu/all/r_bsp_common.lst" "../src/smc_gen/r_bsp/mcu/all/r_bsp_common.c"
'Scanning and building file: ../src/smc_gen/r_bsp/mcu/all/r_bsp_cpu.c'
'Invoking: Scanner and Compiler'
ccrx -subcommand="src\smc_gen\r_bsp\mcu\all\cDepSubCommand.tmp" -output=dep="src/smc_gen/r_bsp/mcu/all/r_bsp_cpu.d"  -MT="src/smc_gen/r_bsp/mcu/all/r_bsp_cpu.obj"  -MT="src/smc_gen/r_bsp/mcu/all/r_bsp_cpu.d" -listfile="src/smc_gen/r_bsp/mcu/all/r_bsp_cpu.lst" "../src/smc_gen/r_bsp/mcu/all/r_bsp_cpu.c"
../src/smc_gen/r_bsp/mcu/all/r_bsp_common.c(104):M0520826:Parameter "loop_cnt" was never referenced
ccrx -subcommand="src\smc_gen\r_bsp\mcu\all\cSubCommand.tmp" -listfile="src/smc_gen/r_bsp/mcu/all/r_bsp_cpu.lst" "../src/smc_gen/r_bsp/mcu/all/r_bsp_cpu.c"
'Finished Scanning and building: ../src/smc_gen/r_bsp/mcu/all/r_bsp_common.c'

'Scanning and building file: ../src/smc_gen/r_bsp/mcu/all/r_bsp_interrupts.c'
'Invoking: Scanner and Compiler'
ccrx -subcommand="src\smc_gen\r_bsp\mcu\all\cDepSubCommand.tmp" -output=dep="src/smc_gen/r_bsp/mcu/all/r_bsp_interrupts.d"  -MT="src/smc_gen/r_bsp/mcu/all/r_bsp_interrupts.obj"  -MT="src/smc_gen/r_bsp/mcu/all/r_bsp_interrupts.d" -listfile="src/smc_gen/r_bsp/mcu/all/r_bsp_interrupts.lst" "../src/smc_gen/r_bsp/mcu/all/r_bsp_interrupts.c"
ccrx -subcommand="src\smc_gen\r_bsp\mcu\all\cSubCommand.tmp" -listfile="src/smc_gen/r_bsp/mcu/all/r_bsp_interrupts.lst" "../src/smc_gen/r_bsp/mcu/all/r_bsp_interrupts.c"
'Finished Scanning and building: ../src/smc_gen/r_bsp/mcu/all/r_bsp_cpu.c'

'Scanning and building file: ../src/smc_gen/r_bsp/mcu/all/r_bsp_locking.c'
'Invoking: Scanner and Compiler'
ccrx -subcommand="src\smc_gen\r_bsp\mcu\all\cDepSubCommand.tmp" -output=dep="src/smc_gen/r_bsp/mcu/all/r_bsp_locking.d"  -MT="src/smc_gen/r_bsp/mcu/all/r_bsp_locking.obj"  -MT="src/smc_gen/r_bsp/mcu/all/r_bsp_locking.d" -listfile="src/smc_gen/r_bsp/mcu/all/r_bsp_locking.lst" "../src/smc_gen/r_bsp/mcu/all/r_bsp_locking.c"
ccrx -subcommand="src\smc_gen\r_bsp\mcu\all\cSubCommand.tmp" -listfile="src/smc_gen/r_bsp/mcu/all/r_bsp_locking.lst" "../src/smc_gen/r_bsp/mcu/all/r_bsp_locking.c"
'Finished Scanning and building: ../src/smc_gen/r_bsp/mcu/all/r_bsp_interrupts.c'

'Scanning and building file: ../src/smc_gen/r_bsp/mcu/all/r_bsp_mcu_startup.c'
'Invoking: Scanner and Compiler'
ccrx -subcommand="src\smc_gen\r_bsp\mcu\all\cDepSubCommand.tmp" -output=dep="src/smc_gen/r_bsp/mcu/all/r_bsp_mcu_startup.d"  -MT="src/smc_gen/r_bsp/mcu/all/r_bsp_mcu_startup.obj"  -MT="src/smc_gen/r_bsp/mcu/all/r_bsp_mcu_startup.d" -listfile="src/smc_gen/r_bsp/mcu/all/r_bsp_mcu_startup.lst" "../src/smc_gen/r_bsp/mcu/all/r_bsp_mcu_startup.c"
'Finished Scanning and building: ../src/smc_gen/r_bsp/mcu/all/r_bsp_locking.c'
ccrx -subcommand="src\smc_gen\r_bsp\mcu\all\cSubCommand.tmp" -listfile="src/smc_gen/r_bsp/mcu/all/r_bsp_mcu_startup.lst" "../src/smc_gen/r_bsp/mcu/all/r_bsp_mcu_startup.c"

'Scanning and building file: ../src/smc_gen/r_bsp/mcu/all/r_bsp_software_interrupt.c'
'Invoking: Scanner and Compiler'
ccrx -subcommand="src\smc_gen\r_bsp\mcu\all\cDepSubCommand.tmp" -output=dep="src/smc_gen/r_bsp/mcu/all/r_bsp_software_interrupt.d"  -MT="src/smc_gen/r_bsp/mcu/all/r_bsp_software_interrupt.obj"  -MT="src/smc_gen/r_bsp/mcu/all/r_bsp_software_interrupt.d" -listfile="src/smc_gen/r_bsp/mcu/all/r_bsp_software_interrupt.lst" "../src/smc_gen/r_bsp/mcu/all/r_bsp_software_interrupt.c"
ccrx -subcommand="src\smc_gen\r_bsp\mcu\all\cSubCommand.tmp" -listfile="src/smc_gen/r_bsp/mcu/all/r_bsp_software_interrupt.lst" "../src/smc_gen/r_bsp/mcu/all/r_bsp_software_interrupt.c"
'Finished Scanning and building: ../src/smc_gen/r_bsp/mcu/all/r_bsp_mcu_startup.c'

'Scanning and building file: ../src/smc_gen/r_bsp/mcu/all/sbrk.c'
'Invoking: Scanner and Compiler'
ccrx -subcommand="src\smc_gen\r_bsp\mcu\all\cDepSubCommand.tmp" -output=dep="src/smc_gen/r_bsp/mcu/all/sbrk.d"  -MT="src/smc_gen/r_bsp/mcu/all/sbrk.obj"  -MT="src/smc_gen/r_bsp/mcu/all/sbrk.d" -listfile="src/smc_gen/r_bsp/mcu/all/sbrk.lst" "../src/smc_gen/r_bsp/mcu/all/sbrk.c"
ccrx -subcommand="src\smc_gen\r_bsp\mcu\all\cSubCommand.tmp" -listfile="src/smc_gen/r_bsp/mcu/all/sbrk.lst" "../src/smc_gen/r_bsp/mcu/all/sbrk.c"
'Finished Scanning and building: ../src/smc_gen/r_bsp/mcu/all/r_bsp_software_interrupt.c'

'Scanning and building file: C:/Renesas/GitHubDesktop/work/FreeRTOS/FreeRTOS/Source/portable/MemMang/heap_4.c'
'Invoking: Scanner and Compiler'
ccrx -subcommand="src\FreeRTOS\Source\portable\MemMang\cDepSubCommand.tmp" -output=dep="src/FreeRTOS/Source/portable/MemMang/heap_4.d"  -MT="src/FreeRTOS/Source/portable/MemMang/heap_4.obj"  -MT="src/FreeRTOS/Source/portable/MemMang/heap_4.d" "C:/Renesas/GitHubDesktop/work/FreeRTOS/FreeRTOS/Source/portable/MemMang/heap_4.c"
'Finished Scanning and building: ../src/smc_gen/r_bsp/mcu/all/sbrk.c'
ccrx -subcommand="src\FreeRTOS\Source\portable\MemMang\cSubCommand.tmp" "C:/Renesas/GitHubDesktop/work/FreeRTOS/FreeRTOS/Source/portable/MemMang/heap_4.c"

'Scanning and building file: ../src/smc_workaround/r_bsp_patch/resetprg.c'
'Invoking: Scanner and Compiler'
ccrx -subcommand="src\smc_workaround\r_bsp_patch\cDepSubCommand.tmp" -output=dep="src/smc_workaround/r_bsp_patch/resetprg.d"  -MT="src/smc_workaround/r_bsp_patch/resetprg.obj"  -MT="src/smc_workaround/r_bsp_patch/resetprg.d" -listfile="src/smc_workaround/r_bsp_patch/resetprg.lst" "../src/smc_workaround/r_bsp_patch/resetprg.c"
ccrx -subcommand="src\smc_workaround\r_bsp_patch\cSubCommand.tmp" -listfile="src/smc_workaround/r_bsp_patch/resetprg.lst" "../src/smc_workaround/r_bsp_patch/resetprg.c"
'Finished Scanning and building: C:/Renesas/GitHubDesktop/work/FreeRTOS/FreeRTOS/Source/portable/MemMang/heap_4.c'

'Scanning and building file: ../src/smc_gen/r_bsp/mcu/rx72n/mcu_clocks.c'
'Invoking: Scanner and Compiler'
ccrx -subcommand="src\smc_gen\r_bsp\mcu\rx72n\cDepSubCommand.tmp" -output=dep="src/smc_gen/r_bsp/mcu/rx72n/mcu_clocks.d"  -MT="src/smc_gen/r_bsp/mcu/rx72n/mcu_clocks.obj"  -MT="src/smc_gen/r_bsp/mcu/rx72n/mcu_clocks.d" -listfile="src/smc_gen/r_bsp/mcu/rx72n/mcu_clocks.lst" "../src/smc_gen/r_bsp/mcu/rx72n/mcu_clocks.c"
ccrx -subcommand="src\smc_gen\r_bsp\mcu\rx72n\cSubCommand.tmp" -listfile="src/smc_gen/r_bsp/mcu/rx72n/mcu_clocks.lst" "../src/smc_gen/r_bsp/mcu/rx72n/mcu_clocks.c"
'Finished Scanning and building: ../src/smc_workaround/r_bsp_patch/resetprg.c'

'Scanning and building file: ../src/smc_gen/r_bsp/mcu/rx72n/mcu_init.c'
'Invoking: Scanner and Compiler'
ccrx -subcommand="src\smc_gen\r_bsp\mcu\rx72n\cDepSubCommand.tmp" -output=dep="src/smc_gen/r_bsp/mcu/rx72n/mcu_init.d"  -MT="src/smc_gen/r_bsp/mcu/rx72n/mcu_init.obj"  -MT="src/smc_gen/r_bsp/mcu/rx72n/mcu_init.d" -listfile="src/smc_gen/r_bsp/mcu/rx72n/mcu_init.lst" "../src/smc_gen/r_bsp/mcu/rx72n/mcu_init.c"
ccrx -subcommand="src\smc_gen\r_bsp\mcu\rx72n\cSubCommand.tmp" -listfile="src/smc_gen/r_bsp/mcu/rx72n/mcu_init.lst" "../src/smc_gen/r_bsp/mcu/rx72n/mcu_init.c"
'Finished Scanning and building: ../src/smc_gen/r_bsp/mcu/rx72n/mcu_clocks.c'

'Scanning and building file: ../src/smc_gen/r_bsp/mcu/rx72n/mcu_interrupts.c'
'Invoking: Scanner and Compiler'
ccrx -subcommand="src\smc_gen\r_bsp\mcu\rx72n\cDepSubCommand.tmp" -output=dep="src/smc_gen/r_bsp/mcu/rx72n/mcu_interrupts.d"  -MT="src/smc_gen/r_bsp/mcu/rx72n/mcu_interrupts.obj"  -MT="src/smc_gen/r_bsp/mcu/rx72n/mcu_interrupts.d" -listfile="src/smc_gen/r_bsp/mcu/rx72n/mcu_interrupts.lst" "../src/smc_gen/r_bsp/mcu/rx72n/mcu_interrupts.c"
ccrx -subcommand="src\smc_gen\r_bsp\mcu\rx72n\cSubCommand.tmp" -listfile="src/smc_gen/r_bsp/mcu/rx72n/mcu_interrupts.lst" "../src/smc_gen/r_bsp/mcu/rx72n/mcu_interrupts.c"
'Finished Scanning and building: ../src/smc_gen/r_bsp/mcu/rx72n/mcu_init.c'

'Scanning and building file: ../src/smc_gen/r_bsp/mcu/rx72n/mcu_mapped_interrupts.c'
'Invoking: Scanner and Compiler'
ccrx -subcommand="src\smc_gen\r_bsp\mcu\rx72n\cDepSubCommand.tmp" -output=dep="src/smc_gen/r_bsp/mcu/rx72n/mcu_mapped_interrupts.d"  -MT="src/smc_gen/r_bsp/mcu/rx72n/mcu_mapped_interrupts.obj"  -MT="src/smc_gen/r_bsp/mcu/rx72n/mcu_mapped_interrupts.d" -listfile="src/smc_gen/r_bsp/mcu/rx72n/mcu_mapped_interrupts.lst" "../src/smc_gen/r_bsp/mcu/rx72n/mcu_mapped_interrupts.c"
ccrx -subcommand="src\smc_gen\r_bsp\mcu\rx72n\cSubCommand.tmp" -listfile="src/smc_gen/r_bsp/mcu/rx72n/mcu_mapped_interrupts.lst" "../src/smc_gen/r_bsp/mcu/rx72n/mcu_mapped_interrupts.c"
'Finished Scanning and building: ../src/smc_gen/r_bsp/mcu/rx72n/mcu_interrupts.c'

'Scanning and building file: ../src/smc_gen/r_bsp/mcu/rx72n/vecttbl.c'
'Invoking: Scanner and Compiler'
ccrx -subcommand="src\smc_gen\r_bsp\mcu\rx72n\cDepSubCommand.tmp" -output=dep="src/smc_gen/r_bsp/mcu/rx72n/vecttbl.d"  -MT="src/smc_gen/r_bsp/mcu/rx72n/vecttbl.obj"  -MT="src/smc_gen/r_bsp/mcu/rx72n/vecttbl.d" -listfile="src/smc_gen/r_bsp/mcu/rx72n/vecttbl.lst" "../src/smc_gen/r_bsp/mcu/rx72n/vecttbl.c"
ccrx -subcommand="src\smc_gen\r_bsp\mcu\rx72n\cSubCommand.tmp" -listfile="src/smc_gen/r_bsp/mcu/rx72n/vecttbl.lst" "../src/smc_gen/r_bsp/mcu/rx72n/vecttbl.c"
'Finished Scanning and building: ../src/smc_gen/r_bsp/mcu/rx72n/mcu_mapped_interrupts.c'

'Scanning and building file: ../src/FreeRTOS_Demo/Blinky_Demo/main_blinky.c'
'Invoking: Scanner and Compiler'
ccrx -subcommand="src\FreeRTOS_Demo\Blinky_Demo\cDepSubCommand.tmp" -output=dep="src/FreeRTOS_Demo/Blinky_Demo/main_blinky.d"  -MT="src/FreeRTOS_Demo/Blinky_Demo/main_blinky.obj"  -MT="src/FreeRTOS_Demo/Blinky_Demo/main_blinky.d" -listfile="src/FreeRTOS_Demo/Blinky_Demo/main_blinky.lst" "../src/FreeRTOS_Demo/Blinky_Demo/main_blinky.c"
'Finished Scanning and building: ../src/smc_gen/r_bsp/mcu/rx72n/vecttbl.c'
ccrx -subcommand="src\FreeRTOS_Demo\Blinky_Demo\cSubCommand.tmp" -listfile="src/FreeRTOS_Demo/Blinky_Demo/main_blinky.lst" "../src/FreeRTOS_Demo/Blinky_Demo/main_blinky.c"

'Scanning and building file: C:/Renesas/GitHubDesktop/work/FreeRTOS/FreeRTOS-Plus/Source/FreeRTOS-Plus-CLI/FreeRTOS_CLI.c'
'Invoking: Scanner and Compiler'
ccrx -subcommand="src\FreeRTOS_Demo\Full_Demo\FreeRTOS-Plus-CLI\cDepSubCommand.tmp" -output=dep="src/FreeRTOS_Demo/Full_Demo/FreeRTOS-Plus-CLI/FreeRTOS_CLI.d"  -MT="src/FreeRTOS_Demo/Full_Demo/FreeRTOS-Plus-CLI/FreeRTOS_CLI.obj"  -MT="src/FreeRTOS_Demo/Full_Demo/FreeRTOS-Plus-CLI/FreeRTOS_CLI.d" "C:/Renesas/GitHubDesktop/work/FreeRTOS/FreeRTOS-Plus/Source/FreeRTOS-Plus-CLI/FreeRTOS_CLI.c"
ccrx -subcommand="src\FreeRTOS_Demo\Full_Demo\FreeRTOS-Plus-CLI\cSubCommand.tmp" "C:/Renesas/GitHubDesktop/work/FreeRTOS/FreeRTOS-Plus/Source/FreeRTOS-Plus-CLI/FreeRTOS_CLI.c"
'Finished Scanning and building: ../src/FreeRTOS_Demo/Blinky_Demo/main_blinky.c'

'Scanning and building file: ../src/FreeRTOS_Demo/Full_Demo/IntQueueTimer.c'
'Invoking: Scanner and Compiler'
ccrx -subcommand="src\FreeRTOS_Demo\Full_Demo\cDepSubCommand.tmp" -output=dep="src/FreeRTOS_Demo/Full_Demo/IntQueueTimer.d"  -MT="src/FreeRTOS_Demo/Full_Demo/IntQueueTimer.obj"  -MT="src/FreeRTOS_Demo/Full_Demo/IntQueueTimer.d" -listfile="src/FreeRTOS_Demo/Full_Demo/IntQueueTimer.lst" "../src/FreeRTOS_Demo/Full_Demo/IntQueueTimer.c"
'Finished Scanning and building: C:/Renesas/GitHubDesktop/work/FreeRTOS/FreeRTOS-Plus/Source/FreeRTOS-Plus-CLI/FreeRTOS_CLI.c'
ccrx -subcommand="src\FreeRTOS_Demo\Full_Demo\cSubCommand.tmp" -listfile="src/FreeRTOS_Demo/Full_Demo/IntQueueTimer.lst" "../src/FreeRTOS_Demo/Full_Demo/IntQueueTimer.c"

'Scanning and building file: C:/Renesas/GitHubDesktop/work/FreeRTOS/FreeRTOS-Plus/Demo/Common/FreeRTOS_Plus_CLI_Demos/Sample-CLI-commands.c'
'Invoking: Scanner and Compiler'
ccrx -subcommand="src\FreeRTOS_Demo\Full_Demo\Sample-CLI-commandscDepSubCommand.tmp" "C:/Renesas/GitHubDesktop/work/FreeRTOS/FreeRTOS-Plus/Demo/Common/FreeRTOS_Plus_CLI_Demos/Sample-CLI-commands.c"
ccrx -subcommand="src\FreeRTOS_Demo\Full_Demo\Sample-CLI-commandscSubCommand.tmp" "C:/Renesas/GitHubDesktop/work/FreeRTOS/FreeRTOS-Plus/Demo/Common/FreeRTOS_Plus_CLI_Demos/Sample-CLI-commands.c"
'Finished Scanning and building: ../src/FreeRTOS_Demo/Full_Demo/IntQueueTimer.c'

'Scanning and building file: C:/Renesas/GitHubDesktop/work/FreeRTOS/FreeRTOS-Plus/Demo/Common/FreeRTOS_Plus_CLI_Demos/UARTCommandConsole.c'
'Finished Scanning and building: C:/Renesas/GitHubDesktop/work/FreeRTOS/FreeRTOS-Plus/Demo/Common/FreeRTOS_Plus_CLI_Demos/Sample-CLI-commands.c'
'Invoking: Scanner and Compiler'
ccrx -subcommand="src\FreeRTOS_Demo\Full_Demo\UARTCommandConsolecDepSubCommand.tmp" "C:/Renesas/GitHubDesktop/work/FreeRTOS/FreeRTOS-Plus/Demo/Common/FreeRTOS_Plus_CLI_Demos/UARTCommandConsole.c"

ccrx -subcommand="src\FreeRTOS_Demo\Full_Demo\UARTCommandConsolecSubCommand.tmp" "C:/Renesas/GitHubDesktop/work/FreeRTOS/FreeRTOS-Plus/Demo/Common/FreeRTOS_Plus_CLI_Demos/UARTCommandConsole.c"
'Scanning and building file: ../src/FreeRTOS_Demo/Full_Demo/main_full.c'
'Invoking: Scanner and Compiler'
ccrx -subcommand="src\FreeRTOS_Demo\Full_Demo\cDepSubCommand.tmp" -output=dep="src/FreeRTOS_Demo/Full_Demo/main_full.d"  -MT="src/FreeRTOS_Demo/Full_Demo/main_full.obj"  -MT="src/FreeRTOS_Demo/Full_Demo/main_full.d" -listfile="src/FreeRTOS_Demo/Full_Demo/main_full.lst" "../src/FreeRTOS_Demo/Full_Demo/main_full.c"
ccrx -subcommand="src\FreeRTOS_Demo\Full_Demo\cSubCommand.tmp" -listfile="src/FreeRTOS_Demo/Full_Demo/main_full.lst" "../src/FreeRTOS_Demo/Full_Demo/main_full.c"
'Finished Scanning and building: C:/Renesas/GitHubDesktop/work/FreeRTOS/FreeRTOS-Plus/Demo/Common/FreeRTOS_Plus_CLI_Demos/UARTCommandConsole.c'

'Scanning and building file: ../src/FreeRTOS_Demo/Full_Demo/serial.c'
'Invoking: Scanner and Compiler'
ccrx -subcommand="src\FreeRTOS_Demo\Full_Demo\cDepSubCommand.tmp" -output=dep="src/FreeRTOS_Demo/Full_Demo/serial.d"  -MT="src/FreeRTOS_Demo/Full_Demo/serial.obj"  -MT="src/FreeRTOS_Demo/Full_Demo/serial.d" -listfile="src/FreeRTOS_Demo/Full_Demo/serial.lst" "../src/FreeRTOS_Demo/Full_Demo/serial.c"
ccrx -subcommand="src\FreeRTOS_Demo\Full_Demo\cSubCommand.tmp" -listfile="src/FreeRTOS_Demo/Full_Demo/serial.lst" "../src/FreeRTOS_Demo/Full_Demo/serial.c"
'Finished Scanning and building: ../src/FreeRTOS_Demo/Full_Demo/main_full.c'

'Scanning and building file: ../src/smc_gen/r_gpio_rx/src/targets/rx72n/r_gpio_rx72n.c'
'Invoking: Scanner and Compiler'
ccrx -subcommand="src\smc_gen\r_gpio_rx\src\targets\rx72n\cDepSubCommand.tmp" -output=dep="src/smc_gen/r_gpio_rx/src/targets/rx72n/r_gpio_rx72n.d"  -MT="src/smc_gen/r_gpio_rx/src/targets/rx72n/r_gpio_rx72n.obj"  -MT="src/smc_gen/r_gpio_rx/src/targets/rx72n/r_gpio_rx72n.d" -listfile="src/smc_gen/r_gpio_rx/src/targets/rx72n/r_gpio_rx72n.lst" "../src/smc_gen/r_gpio_rx/src/targets/rx72n/r_gpio_rx72n.c"
ccrx -subcommand="src\smc_gen\r_gpio_rx\src\targets\rx72n\cSubCommand.tmp" -listfile="src/smc_gen/r_gpio_rx/src/targets/rx72n/r_gpio_rx72n.lst" "../src/smc_gen/r_gpio_rx/src/targets/rx72n/r_gpio_rx72n.c"
'Finished Scanning and building: ../src/FreeRTOS_Demo/Full_Demo/serial.c'

'Scanning and building file: ../src/smc_gen/r_bsp/board/generic_rx72n/hwsetup.c'
'Invoking: Scanner and Compiler'
ccrx -subcommand="src\smc_gen\r_bsp\board\generic_rx72n\cDepSubCommand.tmp" -output=dep="src/smc_gen/r_bsp/board/generic_rx72n/hwsetup.d"  -MT="src/smc_gen/r_bsp/board/generic_rx72n/hwsetup.obj"  -MT="src/smc_gen/r_bsp/board/generic_rx72n/hwsetup.d" -listfile="src/smc_gen/r_bsp/board/generic_rx72n/hwsetup.lst" "../src/smc_gen/r_bsp/board/generic_rx72n/hwsetup.c"
ccrx -subcommand="src\smc_gen\r_bsp\board\generic_rx72n\cSubCommand.tmp" -listfile="src/smc_gen/r_bsp/board/generic_rx72n/hwsetup.lst" "../src/smc_gen/r_bsp/board/generic_rx72n/hwsetup.c"
'Finished Scanning and building: ../src/smc_gen/r_gpio_rx/src/targets/rx72n/r_gpio_rx72n.c'

'Scanning and building file: ../src/smc_gen/r_gpio_rx/src/r_gpio_rx.c'
'Invoking: Scanner and Compiler'
ccrx -subcommand="src\smc_gen\r_gpio_rx\src\cDepSubCommand.tmp" -output=dep="src/smc_gen/r_gpio_rx/src/r_gpio_rx.d"  -MT="src/smc_gen/r_gpio_rx/src/r_gpio_rx.obj"  -MT="src/smc_gen/r_gpio_rx/src/r_gpio_rx.d" -listfile="src/smc_gen/r_gpio_rx/src/r_gpio_rx.lst" "../src/smc_gen/r_gpio_rx/src/r_gpio_rx.c"
ccrx -subcommand="src\smc_gen\r_gpio_rx\src\cSubCommand.tmp" -listfile="src/smc_gen/r_gpio_rx/src/r_gpio_rx.lst" "../src/smc_gen/r_gpio_rx/src/r_gpio_rx.c"
'Finished Scanning and building: ../src/smc_gen/r_bsp/board/generic_rx72n/hwsetup.c'

'Scanning and building file: ../src/smc_workaround/FIT_patch.c'
'Invoking: Scanner and Compiler'
ccrx -subcommand="src\smc_workaround\cDepSubCommand.tmp" -output=dep="src/smc_workaround/FIT_patch.d"  -MT="src/smc_workaround/FIT_patch.obj"  -MT="src/smc_workaround/FIT_patch.d" -listfile="src/smc_workaround/FIT_patch.lst" "../src/smc_workaround/FIT_patch.c"
ccrx -subcommand="src\smc_workaround\cSubCommand.tmp" -listfile="src/smc_workaround/FIT_patch.lst" "../src/smc_workaround/FIT_patch.c"
'Finished Scanning and building: ../src/smc_gen/r_gpio_rx/src/r_gpio_rx.c'

'Scanning and building file: ../src/smc_workaround/IDE_helper.c'
'Invoking: Scanner and Compiler'
ccrx -subcommand="src\smc_workaround\cDepSubCommand.tmp" -output=dep="src/smc_workaround/IDE_helper.d"  -MT="src/smc_workaround/IDE_helper.obj"  -MT="src/smc_workaround/IDE_helper.d" -listfile="src/smc_workaround/IDE_helper.lst" "../src/smc_workaround/IDE_helper.c"
ccrx -subcommand="src\smc_workaround\cSubCommand.tmp" -listfile="src/smc_workaround/IDE_helper.lst" "../src/smc_workaround/IDE_helper.c"
'Finished Scanning and building: ../src/smc_workaround/FIT_patch.c'

'Scanning and building file: ../src/smc_workaround/sim_debug_mode_hook.c'
'Invoking: Scanner and Compiler'
ccrx -subcommand="src\smc_workaround\cDepSubCommand.tmp" -output=dep="src/smc_workaround/sim_debug_mode_hook.d"  -MT="src/smc_workaround/sim_debug_mode_hook.obj"  -MT="src/smc_workaround/sim_debug_mode_hook.d" -listfile="src/smc_workaround/sim_debug_mode_hook.lst" "../src/smc_workaround/sim_debug_mode_hook.c"
ccrx -subcommand="src\smc_workaround\cSubCommand.tmp" -listfile="src/smc_workaround/sim_debug_mode_hook.lst" "../src/smc_workaround/sim_debug_mode_hook.c"
'Finished Scanning and building: ../src/smc_workaround/IDE_helper.c'

'Scanning and building file: ../src/smc_workaround/u_bsp_lowlvl_ext.c'
'Finished Scanning and building: ../src/smc_workaround/sim_debug_mode_hook.c'

'Invoking: Scanner and Compiler'
ccrx -subcommand="src\smc_workaround\cDepSubCommand.tmp" -output=dep="src/smc_workaround/u_bsp_lowlvl_ext.d"  -MT="src/smc_workaround/u_bsp_lowlvl_ext.obj"  -MT="src/smc_workaround/u_bsp_lowlvl_ext.d" -listfile="src/smc_workaround/u_bsp_lowlvl_ext.lst" "../src/smc_workaround/u_bsp_lowlvl_ext.c"
'Scanning and building file: C:/Renesas/GitHubDesktop/work/FreeRTOS/FreeRTOS/Source/event_groups.c'
ccrx -subcommand="src\smc_workaround\cSubCommand.tmp" -listfile="src/smc_workaround/u_bsp_lowlvl_ext.lst" "../src/smc_workaround/u_bsp_lowlvl_ext.c"
'Invoking: Scanner and Compiler'
ccrx -subcommand="src\FreeRTOS\Source\cDepSubCommand.tmp" -output=dep="src/FreeRTOS/Source/event_groups.d"  -MT="src/FreeRTOS/Source/event_groups.obj"  -MT="src/FreeRTOS/Source/event_groups.d" "C:/Renesas/GitHubDesktop/work/FreeRTOS/FreeRTOS/Source/event_groups.c"
ccrx -subcommand="src\FreeRTOS\Source\cSubCommand.tmp" "C:/Renesas/GitHubDesktop/work/FreeRTOS/FreeRTOS/Source/event_groups.c"
'Finished Scanning and building: ../src/smc_workaround/u_bsp_lowlvl_ext.c'

'Finished Scanning and building: C:/Renesas/GitHubDesktop/work/FreeRTOS/FreeRTOS/Source/event_groups.c'
'Scanning and building file: C:/Renesas/GitHubDesktop/work/FreeRTOS/FreeRTOS/Source/list.c'

'Invoking: Scanner and Compiler'
ccrx -subcommand="src\FreeRTOS\Source\cDepSubCommand.tmp" -output=dep="src/FreeRTOS/Source/list.d"  -MT="src/FreeRTOS/Source/list.obj"  -MT="src/FreeRTOS/Source/list.d" "C:/Renesas/GitHubDesktop/work/FreeRTOS/FreeRTOS/Source/list.c"
'Scanning and building file: C:/Renesas/GitHubDesktop/work/FreeRTOS/FreeRTOS/Source/queue.c'
'Invoking: Scanner and Compiler'
ccrx -subcommand="src\FreeRTOS\Source\cDepSubCommand.tmp" -output=dep="src/FreeRTOS/Source/queue.d"  -MT="src/FreeRTOS/Source/queue.obj"  -MT="src/FreeRTOS/Source/queue.d" "C:/Renesas/GitHubDesktop/work/FreeRTOS/FreeRTOS/Source/queue.c"
ccrx -subcommand="src\FreeRTOS\Source\cSubCommand.tmp" "C:/Renesas/GitHubDesktop/work/FreeRTOS/FreeRTOS/Source/list.c"
ccrx -subcommand="src\FreeRTOS\Source\cSubCommand.tmp" "C:/Renesas/GitHubDesktop/work/FreeRTOS/FreeRTOS/Source/queue.c"
'Finished Scanning and building: C:/Renesas/GitHubDesktop/work/FreeRTOS/FreeRTOS/Source/list.c'

'Scanning and building file: C:/Renesas/GitHubDesktop/work/FreeRTOS/FreeRTOS/Source/stream_buffer.c'
'Invoking: Scanner and Compiler'
ccrx -subcommand="src\FreeRTOS\Source\cDepSubCommand.tmp" -output=dep="src/FreeRTOS/Source/stream_buffer.d"  -MT="src/FreeRTOS/Source/stream_buffer.obj"  -MT="src/FreeRTOS/Source/stream_buffer.d" "C:/Renesas/GitHubDesktop/work/FreeRTOS/FreeRTOS/Source/stream_buffer.c"
ccrx -subcommand="src\FreeRTOS\Source\cSubCommand.tmp" "C:/Renesas/GitHubDesktop/work/FreeRTOS/FreeRTOS/Source/stream_buffer.c"
'Finished Scanning and building: C:/Renesas/GitHubDesktop/work/FreeRTOS/FreeRTOS/Source/queue.c'

'Scanning and building file: C:/Renesas/GitHubDesktop/work/FreeRTOS/FreeRTOS/Source/tasks.c'
'Invoking: Scanner and Compiler'
ccrx -subcommand="src\FreeRTOS\Source\cDepSubCommand.tmp" -output=dep="src/FreeRTOS/Source/tasks.d"  -MT="src/FreeRTOS/Source/tasks.obj"  -MT="src/FreeRTOS/Source/tasks.d" "C:/Renesas/GitHubDesktop/work/FreeRTOS/FreeRTOS/Source/tasks.c"
'Finished Scanning and building: C:/Renesas/GitHubDesktop/work/FreeRTOS/FreeRTOS/Source/stream_buffer.c'

ccrx -subcommand="src\FreeRTOS\Source\cSubCommand.tmp" "C:/Renesas/GitHubDesktop/work/FreeRTOS/FreeRTOS/Source/tasks.c"
'Scanning and building file: C:/Renesas/GitHubDesktop/work/FreeRTOS/FreeRTOS/Source/timers.c'
'Invoking: Scanner and Compiler'
ccrx -subcommand="src\FreeRTOS\Source\cDepSubCommand.tmp" -output=dep="src/FreeRTOS/Source/timers.d"  -MT="src/FreeRTOS/Source/timers.obj"  -MT="src/FreeRTOS/Source/timers.d" "C:/Renesas/GitHubDesktop/work/FreeRTOS/FreeRTOS/Source/timers.c"
ccrx -subcommand="src\FreeRTOS\Source\cSubCommand.tmp" "C:/Renesas/GitHubDesktop/work/FreeRTOS/FreeRTOS/Source/timers.c"
'Finished Scanning and building: C:/Renesas/GitHubDesktop/work/FreeRTOS/FreeRTOS/Source/timers.c'

'Scanning and building file: ../src/frtos_startup/freertos_object_init.c'
'Invoking: Scanner and Compiler'
ccrx -subcommand="src\frtos_startup\cDepSubCommand.tmp" -output=dep="src/frtos_startup/freertos_object_init.d"  -MT="src/frtos_startup/freertos_object_init.obj"  -MT="src/frtos_startup/freertos_object_init.d" -listfile="src/frtos_startup/freertos_object_init.lst" "../src/frtos_startup/freertos_object_init.c"
ccrx -subcommand="src\frtos_startup\cSubCommand.tmp" -listfile="src/frtos_startup/freertos_object_init.lst" "../src/frtos_startup/freertos_object_init.c"
'Finished Scanning and building: C:/Renesas/GitHubDesktop/work/FreeRTOS/FreeRTOS/Source/tasks.c'

'Scanning and building file: ../src/frtos_startup/freertos_start.c'
'Invoking: Scanner and Compiler'
'Finished Scanning and building: ../src/frtos_startup/freertos_object_init.c'
ccrx -subcommand="src\frtos_startup\cDepSubCommand.tmp" -output=dep="src/frtos_startup/freertos_start.d"  -MT="src/frtos_startup/freertos_start.obj"  -MT="src/frtos_startup/freertos_start.d" -listfile="src/frtos_startup/freertos_start.lst" "../src/frtos_startup/freertos_start.c"

'Scanning and building file: C:/Renesas/GitHubDesktop/work/FreeRTOS/FreeRTOS/Source/portable/Renesas/RX_RenesasSim/port_asm.src'
ccrx -subcommand="src\frtos_startup\cSubCommand.tmp" -listfile="src/frtos_startup/freertos_start.lst" "../src/frtos_startup/freertos_start.c"
'Invoking: Scanner and Assembler'
asrx -subcommand="src\FreeRTOS\Source\portable\Renesas\RX_RenesasSim\srcDepSubCommand.tmp" -MF="src/FreeRTOS/Source/portable/Renesas/RX_RenesasSim/port_asm.d" -MT="src/FreeRTOS/Source/portable/Renesas/RX_RenesasSim/port_asm.obj" -MT="src/FreeRTOS/Source/portable/Renesas/RX_RenesasSim/port_asm.d" "C:/Renesas/GitHubDesktop/work/FreeRTOS/FreeRTOS/Source/portable/Renesas/RX_RenesasSim/port_asm.src"
asrx -subcommand="src\FreeRTOS\Source\portable\Renesas\RX_RenesasSim\srcSubCommand.tmp" -output="src/FreeRTOS/Source/portable/Renesas/RX_RenesasSim/port_asm.obj" "C:/Renesas/GitHubDesktop/work/FreeRTOS/FreeRTOS/Source/portable/Renesas/RX_RenesasSim/port_asm.src"
'Finished Scanning and building: C:/Renesas/GitHubDesktop/work/FreeRTOS/FreeRTOS/Source/portable/Renesas/RX_RenesasSim/port_asm.src'

'Invoking: Library Generator'
lbgrx -subcommand="LibraryGeneratorRTOSDemo.tmp"
'Finished Scanning and building: ../src/frtos_startup/freertos_start.c'

Library Generator Completed
'Finished building:'

'Invoking: Linker'
rlink -subcommand="LinkerRTOSDemo.tmp"

W0561017:The evaluation period has expired


RAMDATA SECTION:  0000d604 Byte(s)
ROMDATA SECTION:  0000197d Byte(s)
PROGRAM SECTION:  0000d27c Byte(s)

Renesas Optimizing Linker Completed
'Finished building:'

C:\Renesas\e2studio64\SupportFiles\.eclipse\com.renesas.platform_1094776022\Utilities\\ccrx\renesas_cc_converter.exe RTOSDemo.abs RTOSDemo.x
'Invoking: Converter'
Loading input file RTOSDemo.abs
Parsing the ELF input file.....
36 segments required LMA fixes
Converting the DWARF information....
Constructing the output ELF image....
Saving the ELF output file RTOSDemo.x
'Building target:'
rlink "RTOSDemo.abs" -subcommand="ConverterRTOSDemo.tmp"

W0561017:The evaluation period has expired

Renesas Optimizing Linker Completed
'Finished building target:'

udcollector -subcommand=udSubcommand.tmp -output=RTOSDemo.udm
'Build complete.'

12:49:49 Build Finished. 0 errors, 4 warnings. (took 2m:29s.869ms)

Extracting support files...
12:47:19 **** Build of configuration HardwareDebug for project RTOSDemo ****
make -r -k -j2 all 
'Scanning and building file: C:/Renesas/GitHubDesktop/work/FreeRTOS/FreeRTOS/Demo/Common/Minimal/BlockQ.c'
'Scanning and building file: C:/Renesas/GitHubDesktop/work/FreeRTOS/FreeRTOS/Demo/Common/Minimal/EventGroupsDemo.c'
'Invoking: Scanner and Compiler'
ccrx -subcommand="src\FreeRTOS_Demo\Full_Demo\Standard_Demo_Tasks\cDepSubCommand.tmp" -output=dep="src/FreeRTOS_Demo/Full_Demo/Standard_Demo_Tasks/EventGroupsDemo.d"  -MT="src/FreeRTOS_Demo/Full_Demo/Standard_Demo_Tasks/EventGroupsDemo.obj"  -MT="src/FreeRTOS_Demo/Full_Demo/Standard_Demo_Tasks/EventGroupsDemo.d" "C:/Renesas/GitHubDesktop/work/FreeRTOS/FreeRTOS/Demo/Common/Minimal/EventGroupsDemo.c"
'Invoking: Scanner and Compiler'
ccrx -subcommand="src\FreeRTOS_Demo\Full_Demo\Standard_Demo_Tasks\cDepSubCommand.tmp" -output=dep="src/FreeRTOS_Demo/Full_Demo/Standard_Demo_Tasks/BlockQ.d"  -MT="src/FreeRTOS_Demo/Full_Demo/Standard_Demo_Tasks/BlockQ.obj"  -MT="src/FreeRTOS_Demo/Full_Demo/Standard_Demo_Tasks/BlockQ.d" "C:/Renesas/GitHubDesktop/work/FreeRTOS/FreeRTOS/Demo/Common/Minimal/BlockQ.c"
ccrx -subcommand="src\FreeRTOS_Demo\Full_Demo\Standard_Demo_Tasks\cSubCommand.tmp" "C:/Renesas/GitHubDesktop/work/FreeRTOS/FreeRTOS/Demo/Common/Minimal/EventGroupsDemo.c"
ccrx -subcommand="src\FreeRTOS_Demo\Full_Demo\Standard_Demo_Tasks\cSubCommand.tmp" "C:/Renesas/GitHubDesktop/work/FreeRTOS/FreeRTOS/Demo/Common/Minimal/BlockQ.c"
'Finished Scanning and building: C:/Renesas/GitHubDesktop/work/FreeRTOS/FreeRTOS/Demo/Common/Minimal/BlockQ.c'
'Finished Scanning and building: C:/Renesas/GitHubDesktop/work/FreeRTOS/FreeRTOS/Demo/Common/Minimal/EventGroupsDemo.c'


'Scanning and building file: C:/Renesas/GitHubDesktop/work/FreeRTOS/FreeRTOS/Demo/Common/Minimal/GenQTest.c'
'Scanning and building file: C:/Renesas/GitHubDesktop/work/FreeRTOS/FreeRTOS/Demo/Common/Minimal/IntQueue.c'
'Invoking: Scanner and Compiler'
ccrx -subcommand="src\FreeRTOS_Demo\Full_Demo\Standard_Demo_Tasks\cDepSubCommand.tmp" -output=dep="src/FreeRTOS_Demo/Full_Demo/Standard_Demo_Tasks/GenQTest.d"  -MT="src/FreeRTOS_Demo/Full_Demo/Standard_Demo_Tasks/GenQTest.obj"  -MT="src/FreeRTOS_Demo/Full_Demo/Standard_Demo_Tasks/GenQTest.d" "C:/Renesas/GitHubDesktop/work/FreeRTOS/FreeRTOS/Demo/Common/Minimal/GenQTest.c"
'Invoking: Scanner and Compiler'
ccrx -subcommand="src\FreeRTOS_Demo\Full_Demo\Standard_Demo_Tasks\cDepSubCommand.tmp" -output=dep="src/FreeRTOS_Demo/Full_Demo/Standard_Demo_Tasks/IntQueue.d"  -MT="src/FreeRTOS_Demo/Full_Demo/Standard_Demo_Tasks/IntQueue.obj"  -MT="src/FreeRTOS_Demo/Full_Demo/Standard_Demo_Tasks/IntQueue.d" "C:/Renesas/GitHubDesktop/work/FreeRTOS/FreeRTOS/Demo/Common/Minimal/IntQueue.c"
ccrx -subcommand="src\FreeRTOS_Demo\Full_Demo\Standard_Demo_Tasks\cSubCommand.tmp" "C:/Renesas/GitHubDesktop/work/FreeRTOS/FreeRTOS/Demo/Common/Minimal/GenQTest.c"
ccrx -subcommand="src\FreeRTOS_Demo\Full_Demo\Standard_Demo_Tasks\cSubCommand.tmp" "C:/Renesas/GitHubDesktop/work/FreeRTOS/FreeRTOS/Demo/Common/Minimal/IntQueue.c"
'Finished Scanning and building: C:/Renesas/GitHubDesktop/work/FreeRTOS/FreeRTOS/Demo/Common/Minimal/IntQueue.c'
'Finished Scanning and building: C:/Renesas/GitHubDesktop/work/FreeRTOS/FreeRTOS/Demo/Common/Minimal/GenQTest.c'


'Scanning and building file: C:/Renesas/GitHubDesktop/work/FreeRTOS/FreeRTOS/Demo/Common/Minimal/IntSemTest.c'
'Scanning and building file: C:/Renesas/GitHubDesktop/work/FreeRTOS/FreeRTOS/Demo/Common/Minimal/QueueOverwrite.c'
'Invoking: Scanner and Compiler'
ccrx -subcommand="src\FreeRTOS_Demo\Full_Demo\Standard_Demo_Tasks\cDepSubCommand.tmp" -output=dep="src/FreeRTOS_Demo/Full_Demo/Standard_Demo_Tasks/IntSemTest.d"  -MT="src/FreeRTOS_Demo/Full_Demo/Standard_Demo_Tasks/IntSemTest.obj"  -MT="src/FreeRTOS_Demo/Full_Demo/Standard_Demo_Tasks/IntSemTest.d" "C:/Renesas/GitHubDesktop/work/FreeRTOS/FreeRTOS/Demo/Common/Minimal/IntSemTest.c"
'Invoking: Scanner and Compiler'
ccrx -subcommand="src\FreeRTOS_Demo\Full_Demo\Standard_Demo_Tasks\cDepSubCommand.tmp" -output=dep="src/FreeRTOS_Demo/Full_Demo/Standard_Demo_Tasks/QueueOverwrite.d"  -MT="src/FreeRTOS_Demo/Full_Demo/Standard_Demo_Tasks/QueueOverwrite.obj"  -MT="src/FreeRTOS_Demo/Full_Demo/Standard_Demo_Tasks/QueueOverwrite.d" "C:/Renesas/GitHubDesktop/work/FreeRTOS/FreeRTOS/Demo/Common/Minimal/QueueOverwrite.c"
ccrx -subcommand="src\FreeRTOS_Demo\Full_Demo\Standard_Demo_Tasks\cSubCommand.tmp" "C:/Renesas/GitHubDesktop/work/FreeRTOS/FreeRTOS/Demo/Common/Minimal/IntSemTest.c"
ccrx -subcommand="src\FreeRTOS_Demo\Full_Demo\Standard_Demo_Tasks\cSubCommand.tmp" "C:/Renesas/GitHubDesktop/work/FreeRTOS/FreeRTOS/Demo/Common/Minimal/QueueOverwrite.c"
'Finished Scanning and building: C:/Renesas/GitHubDesktop/work/FreeRTOS/FreeRTOS/Demo/Common/Minimal/IntSemTest.c'
'Finished Scanning and building: C:/Renesas/GitHubDesktop/work/FreeRTOS/FreeRTOS/Demo/Common/Minimal/QueueOverwrite.c'


'Scanning and building file: C:/Renesas/GitHubDesktop/work/FreeRTOS/FreeRTOS/Demo/Common/Minimal/TaskNotify.c'
'Invoking: Scanner and Compiler'
ccrx -subcommand="src\FreeRTOS_Demo\Full_Demo\Standard_Demo_Tasks\cDepSubCommand.tmp" -output=dep="src/FreeRTOS_Demo/Full_Demo/Standard_Demo_Tasks/TaskNotify.d"  -MT="src/FreeRTOS_Demo/Full_Demo/Standard_Demo_Tasks/TaskNotify.obj"  -MT="src/FreeRTOS_Demo/Full_Demo/Standard_Demo_Tasks/TaskNotify.d" "C:/Renesas/GitHubDesktop/work/FreeRTOS/FreeRTOS/Demo/Common/Minimal/TaskNotify.c"
'Scanning and building file: C:/Renesas/GitHubDesktop/work/FreeRTOS/FreeRTOS/Demo/Common/Minimal/TaskNotifyArray.c'
'Invoking: Scanner and Compiler'
ccrx -subcommand="src\FreeRTOS_Demo\Full_Demo\Standard_Demo_Tasks\cDepSubCommand.tmp" -output=dep="src/FreeRTOS_Demo/Full_Demo/Standard_Demo_Tasks/TaskNotifyArray.d"  -MT="src/FreeRTOS_Demo/Full_Demo/Standard_Demo_Tasks/TaskNotifyArray.obj"  -MT="src/FreeRTOS_Demo/Full_Demo/Standard_Demo_Tasks/TaskNotifyArray.d" "C:/Renesas/GitHubDesktop/work/FreeRTOS/FreeRTOS/Demo/Common/Minimal/TaskNotifyArray.c"
ccrx -subcommand="src\FreeRTOS_Demo\Full_Demo\Standard_Demo_Tasks\cSubCommand.tmp" "C:/Renesas/GitHubDesktop/work/FreeRTOS/FreeRTOS/Demo/Common/Minimal/TaskNotify.c"
ccrx -subcommand="src\FreeRTOS_Demo\Full_Demo\Standard_Demo_Tasks\cSubCommand.tmp" "C:/Renesas/GitHubDesktop/work/FreeRTOS/FreeRTOS/Demo/Common/Minimal/TaskNotifyArray.c"
'Finished Scanning and building: C:/Renesas/GitHubDesktop/work/FreeRTOS/FreeRTOS/Demo/Common/Minimal/TaskNotify.c'

'Scanning and building file: C:/Renesas/GitHubDesktop/work/FreeRTOS/FreeRTOS/Demo/Common/Minimal/TimerDemo.c'
'Invoking: Scanner and Compiler'
ccrx -subcommand="src\FreeRTOS_Demo\Full_Demo\Standard_Demo_Tasks\cDepSubCommand.tmp" -output=dep="src/FreeRTOS_Demo/Full_Demo/Standard_Demo_Tasks/TimerDemo.d"  -MT="src/FreeRTOS_Demo/Full_Demo/Standard_Demo_Tasks/TimerDemo.obj"  -MT="src/FreeRTOS_Demo/Full_Demo/Standard_Demo_Tasks/TimerDemo.d" "C:/Renesas/GitHubDesktop/work/FreeRTOS/FreeRTOS/Demo/Common/Minimal/TimerDemo.c"
ccrx -subcommand="src\FreeRTOS_Demo\Full_Demo\Standard_Demo_Tasks\cSubCommand.tmp" "C:/Renesas/GitHubDesktop/work/FreeRTOS/FreeRTOS/Demo/Common/Minimal/TimerDemo.c"
'Finished Scanning and building: C:/Renesas/GitHubDesktop/work/FreeRTOS/FreeRTOS/Demo/Common/Minimal/TaskNotifyArray.c'

'Scanning and building file: C:/Renesas/GitHubDesktop/work/FreeRTOS/FreeRTOS/Demo/Common/Minimal/blocktim.c'
'Invoking: Scanner and Compiler'
'Finished Scanning and building: C:/Renesas/GitHubDesktop/work/FreeRTOS/FreeRTOS/Demo/Common/Minimal/TimerDemo.c'
ccrx -subcommand="src\FreeRTOS_Demo\Full_Demo\Standard_Demo_Tasks\cDepSubCommand.tmp" -output=dep="src/FreeRTOS_Demo/Full_Demo/Standard_Demo_Tasks/blocktim.d"  -MT="src/FreeRTOS_Demo/Full_Demo/Standard_Demo_Tasks/blocktim.obj"  -MT="src/FreeRTOS_Demo/Full_Demo/Standard_Demo_Tasks/blocktim.d" "C:/Renesas/GitHubDesktop/work/FreeRTOS/FreeRTOS/Demo/Common/Minimal/blocktim.c"

'Scanning and building file: C:/Renesas/GitHubDesktop/work/FreeRTOS/FreeRTOS/Demo/Common/Minimal/countsem.c'
ccrx -subcommand="src\FreeRTOS_Demo\Full_Demo\Standard_Demo_Tasks\cSubCommand.tmp" "C:/Renesas/GitHubDesktop/work/FreeRTOS/FreeRTOS/Demo/Common/Minimal/blocktim.c"
'Invoking: Scanner and Compiler'
ccrx -subcommand="src\FreeRTOS_Demo\Full_Demo\Standard_Demo_Tasks\cDepSubCommand.tmp" -output=dep="src/FreeRTOS_Demo/Full_Demo/Standard_Demo_Tasks/countsem.d"  -MT="src/FreeRTOS_Demo/Full_Demo/Standard_Demo_Tasks/countsem.obj"  -MT="src/FreeRTOS_Demo/Full_Demo/Standard_Demo_Tasks/countsem.d" "C:/Renesas/GitHubDesktop/work/FreeRTOS/FreeRTOS/Demo/Common/Minimal/countsem.c"
ccrx -subcommand="src\FreeRTOS_Demo\Full_Demo\Standard_Demo_Tasks\cSubCommand.tmp" "C:/Renesas/GitHubDesktop/work/FreeRTOS/FreeRTOS/Demo/Common/Minimal/countsem.c"
'Finished Scanning and building: C:/Renesas/GitHubDesktop/work/FreeRTOS/FreeRTOS/Demo/Common/Minimal/blocktim.c'

'Scanning and building file: C:/Renesas/GitHubDesktop/work/FreeRTOS/FreeRTOS/Demo/Common/Minimal/death.c'
'Finished Scanning and building: C:/Renesas/GitHubDesktop/work/FreeRTOS/FreeRTOS/Demo/Common/Minimal/countsem.c'

'Invoking: Scanner and Compiler'
ccrx -subcommand="src\FreeRTOS_Demo\Full_Demo\Standard_Demo_Tasks\cDepSubCommand.tmp" -output=dep="src/FreeRTOS_Demo/Full_Demo/Standard_Demo_Tasks/death.d"  -MT="src/FreeRTOS_Demo/Full_Demo/Standard_Demo_Tasks/death.obj"  -MT="src/FreeRTOS_Demo/Full_Demo/Standard_Demo_Tasks/death.d" "C:/Renesas/GitHubDesktop/work/FreeRTOS/FreeRTOS/Demo/Common/Minimal/death.c"
'Scanning and building file: C:/Renesas/GitHubDesktop/work/FreeRTOS/FreeRTOS/Demo/Common/Minimal/dynamic.c'
'Invoking: Scanner and Compiler'
ccrx -subcommand="src\FreeRTOS_Demo\Full_Demo\Standard_Demo_Tasks\cDepSubCommand.tmp" -output=dep="src/FreeRTOS_Demo/Full_Demo/Standard_Demo_Tasks/dynamic.d"  -MT="src/FreeRTOS_Demo/Full_Demo/Standard_Demo_Tasks/dynamic.obj"  -MT="src/FreeRTOS_Demo/Full_Demo/Standard_Demo_Tasks/dynamic.d" "C:/Renesas/GitHubDesktop/work/FreeRTOS/FreeRTOS/Demo/Common/Minimal/dynamic.c"
ccrx -subcommand="src\FreeRTOS_Demo\Full_Demo\Standard_Demo_Tasks\cSubCommand.tmp" "C:/Renesas/GitHubDesktop/work/FreeRTOS/FreeRTOS/Demo/Common/Minimal/death.c"
ccrx -subcommand="src\FreeRTOS_Demo\Full_Demo\Standard_Demo_Tasks\cSubCommand.tmp" "C:/Renesas/GitHubDesktop/work/FreeRTOS/FreeRTOS/Demo/Common/Minimal/dynamic.c"
'Finished Scanning and building: C:/Renesas/GitHubDesktop/work/FreeRTOS/FreeRTOS/Demo/Common/Minimal/dynamic.c'
'Finished Scanning and building: C:/Renesas/GitHubDesktop/work/FreeRTOS/FreeRTOS/Demo/Common/Minimal/death.c'


'Scanning and building file: C:/Renesas/GitHubDesktop/work/FreeRTOS/FreeRTOS/Demo/Common/Minimal/flop.c'
'Scanning and building file: C:/Renesas/GitHubDesktop/work/FreeRTOS/FreeRTOS/Demo/Common/Minimal/recmutex.c'
'Invoking: Scanner and Compiler'
ccrx -subcommand="src\FreeRTOS_Demo\Full_Demo\Standard_Demo_Tasks\cDepSubCommand.tmp" -output=dep="src/FreeRTOS_Demo/Full_Demo/Standard_Demo_Tasks/flop.d"  -MT="src/FreeRTOS_Demo/Full_Demo/Standard_Demo_Tasks/flop.obj"  -MT="src/FreeRTOS_Demo/Full_Demo/Standard_Demo_Tasks/flop.d" "C:/Renesas/GitHubDesktop/work/FreeRTOS/FreeRTOS/Demo/Common/Minimal/flop.c"
'Invoking: Scanner and Compiler'
ccrx -subcommand="src\FreeRTOS_Demo\Full_Demo\Standard_Demo_Tasks\cDepSubCommand.tmp" -output=dep="src/FreeRTOS_Demo/Full_Demo/Standard_Demo_Tasks/recmutex.d"  -MT="src/FreeRTOS_Demo/Full_Demo/Standard_Demo_Tasks/recmutex.obj"  -MT="src/FreeRTOS_Demo/Full_Demo/Standard_Demo_Tasks/recmutex.d" "C:/Renesas/GitHubDesktop/work/FreeRTOS/FreeRTOS/Demo/Common/Minimal/recmutex.c"
ccrx -subcommand="src\FreeRTOS_Demo\Full_Demo\Standard_Demo_Tasks\cSubCommand.tmp" "C:/Renesas/GitHubDesktop/work/FreeRTOS/FreeRTOS/Demo/Common/Minimal/recmutex.c"
ccrx -subcommand="src\FreeRTOS_Demo\Full_Demo\Standard_Demo_Tasks\cSubCommand.tmp" "C:/Renesas/GitHubDesktop/work/FreeRTOS/FreeRTOS/Demo/Common/Minimal/flop.c"
'Finished Scanning and building: C:/Renesas/GitHubDesktop/work/FreeRTOS/FreeRTOS/Demo/Common/Minimal/recmutex.c'

'Finished Scanning and building: C:/Renesas/GitHubDesktop/work/FreeRTOS/FreeRTOS/Demo/Common/Minimal/flop.c'
'Scanning and building file: C:/Renesas/GitHubDesktop/work/FreeRTOS/FreeRTOS/Demo/Common/Minimal/semtest.c'

'Invoking: Scanner and Compiler'
ccrx -subcommand="src\FreeRTOS_Demo\Full_Demo\Standard_Demo_Tasks\cDepSubCommand.tmp" -output=dep="src/FreeRTOS_Demo/Full_Demo/Standard_Demo_Tasks/semtest.d"  -MT="src/FreeRTOS_Demo/Full_Demo/Standard_Demo_Tasks/semtest.obj"  -MT="src/FreeRTOS_Demo/Full_Demo/Standard_Demo_Tasks/semtest.d" "C:/Renesas/GitHubDesktop/work/FreeRTOS/FreeRTOS/Demo/Common/Minimal/semtest.c"
'Scanning and building file: ../src/smc_gen/general/r_cg_hardware_setup.c'
'Invoking: Scanner and Compiler'
ccrx -subcommand="src\FreeRTOS_Demo\Full_Demo\Standard_Demo_Tasks\cSubCommand.tmp" "C:/Renesas/GitHubDesktop/work/FreeRTOS/FreeRTOS/Demo/Common/Minimal/semtest.c"
ccrx -subcommand="src\smc_gen\general\cDepSubCommand.tmp" -output=dep="src/smc_gen/general/r_cg_hardware_setup.d"  -MT="src/smc_gen/general/r_cg_hardware_setup.obj"  -MT="src/smc_gen/general/r_cg_hardware_setup.d" -listfile="src/smc_gen/general/r_cg_hardware_setup.lst" "../src/smc_gen/general/r_cg_hardware_setup.c"
ccrx -subcommand="src\smc_gen\general\cSubCommand.tmp" -listfile="src/smc_gen/general/r_cg_hardware_setup.lst" "../src/smc_gen/general/r_cg_hardware_setup.c"
'Finished Scanning and building: C:/Renesas/GitHubDesktop/work/FreeRTOS/FreeRTOS/Demo/Common/Minimal/semtest.c'

'Scanning and building file: ../src/smc_gen/general/r_smc_cgc.c'
'Invoking: Scanner and Compiler'
ccrx -subcommand="src\smc_gen\general\cDepSubCommand.tmp" -output=dep="src/smc_gen/general/r_smc_cgc.d"  -MT="src/smc_gen/general/r_smc_cgc.obj"  -MT="src/smc_gen/general/r_smc_cgc.d" -listfile="src/smc_gen/general/r_smc_cgc.lst" "../src/smc_gen/general/r_smc_cgc.c"
'Finished Scanning and building: ../src/smc_gen/general/r_cg_hardware_setup.c'

ccrx -subcommand="src\smc_gen\general\cSubCommand.tmp" -listfile="src/smc_gen/general/r_smc_cgc.lst" "../src/smc_gen/general/r_smc_cgc.c"
'Scanning and building file: ../src/smc_gen/general/r_smc_cgc_user.c'
'Invoking: Scanner and Compiler'
ccrx -subcommand="src\smc_gen\general\cDepSubCommand.tmp" -output=dep="src/smc_gen/general/r_smc_cgc_user.d"  -MT="src/smc_gen/general/r_smc_cgc_user.obj"  -MT="src/smc_gen/general/r_smc_cgc_user.d" -listfile="src/smc_gen/general/r_smc_cgc_user.lst" "../src/smc_gen/general/r_smc_cgc_user.c"
ccrx -subcommand="src\smc_gen\general\cSubCommand.tmp" -listfile="src/smc_gen/general/r_smc_cgc_user.lst" "../src/smc_gen/general/r_smc_cgc_user.c"
'Finished Scanning and building: ../src/smc_gen/general/r_smc_cgc.c'

'Finished Scanning and building: ../src/smc_gen/general/r_smc_cgc_user.c'
'Scanning and building file: ../src/smc_gen/general/r_smc_interrupt.c'

'Invoking: Scanner and Compiler'
ccrx -subcommand="src\smc_gen\general\cDepSubCommand.tmp" -output=dep="src/smc_gen/general/r_smc_interrupt.d"  -MT="src/smc_gen/general/r_smc_interrupt.obj"  -MT="src/smc_gen/general/r_smc_interrupt.d" -listfile="src/smc_gen/general/r_smc_interrupt.lst" "../src/smc_gen/general/r_smc_interrupt.c"
'Scanning and building file: C:/Renesas/GitHubDesktop/work/FreeRTOS/FreeRTOS/Source/portable/Renesas/RX_RenesasSim/port.c'
'Invoking: Scanner and Compiler'
ccrx -subcommand="src\FreeRTOS\Source\portable\Renesas\RX_RenesasSim\cDepSubCommand.tmp" -output=dep="src/FreeRTOS/Source/portable/Renesas/RX_RenesasSim/port.d"  -MT="src/FreeRTOS/Source/portable/Renesas/RX_RenesasSim/port.obj"  -MT="src/FreeRTOS/Source/portable/Renesas/RX_RenesasSim/port.d" "C:/Renesas/GitHubDesktop/work/FreeRTOS/FreeRTOS/Source/portable/Renesas/RX_RenesasSim/port.c"
C:/Renesas/GitHubDesktop/work/FreeRTOS/FreeRTOS/Source/portable/Renesas/RX_RenesasSim/port.c(51):W0521105:#warning directive: Testing for DPFPU support in this port is not yet complete
ccrx -subcommand="src\smc_gen\general\cSubCommand.tmp" -listfile="src/smc_gen/general/r_smc_interrupt.lst" "../src/smc_gen/general/r_smc_interrupt.c"
ccrx -subcommand="src\FreeRTOS\Source\portable\Renesas\RX_RenesasSim\cSubCommand.tmp" "C:/Renesas/GitHubDesktop/work/FreeRTOS/FreeRTOS/Source/portable/Renesas/RX_RenesasSim/port.c"
C:/Renesas/GitHubDesktop/work/FreeRTOS/FreeRTOS/Source/portable/Renesas/RX_RenesasSim/port.c(51):W0521105:#warning directive: Testing for DPFPU support in this port is not yet complete
'Finished Scanning and building: ../src/smc_gen/general/r_smc_interrupt.c'
'Finished Scanning and building: C:/Renesas/GitHubDesktop/work/FreeRTOS/FreeRTOS/Source/portable/Renesas/RX_RenesasSim/port.c'


'Scanning and building file: ../src/smc_gen/r_bsp/mcu/all/dbsct.c'
'Scanning and building file: ../src/smc_gen/r_bsp/mcu/all/lowlvl.c'
'Invoking: Scanner and Compiler'
ccrx -subcommand="src\smc_gen\r_bsp\mcu\all\cDepSubCommand.tmp" -output=dep="src/smc_gen/r_bsp/mcu/all/dbsct.d"  -MT="src/smc_gen/r_bsp/mcu/all/dbsct.obj"  -MT="src/smc_gen/r_bsp/mcu/all/dbsct.d" -listfile="src/smc_gen/r_bsp/mcu/all/dbsct.lst" "../src/smc_gen/r_bsp/mcu/all/dbsct.c"
'Invoking: Scanner and Compiler'
ccrx -subcommand="src\smc_gen\r_bsp\mcu\all\cDepSubCommand.tmp" -output=dep="src/smc_gen/r_bsp/mcu/all/lowlvl.d"  -MT="src/smc_gen/r_bsp/mcu/all/lowlvl.obj"  -MT="src/smc_gen/r_bsp/mcu/all/lowlvl.d" -listfile="src/smc_gen/r_bsp/mcu/all/lowlvl.lst" "../src/smc_gen/r_bsp/mcu/all/lowlvl.c"
ccrx -subcommand="src\smc_gen\r_bsp\mcu\all\cSubCommand.tmp" -listfile="src/smc_gen/r_bsp/mcu/all/dbsct.lst" "../src/smc_gen/r_bsp/mcu/all/dbsct.c"
ccrx -subcommand="src\smc_gen\r_bsp\mcu\all\cSubCommand.tmp" -listfile="src/smc_gen/r_bsp/mcu/all/lowlvl.lst" "../src/smc_gen/r_bsp/mcu/all/lowlvl.c"
'Finished Scanning and building: ../src/smc_gen/r_bsp/mcu/all/dbsct.c'

'Finished Scanning and building: ../src/smc_gen/r_bsp/mcu/all/lowlvl.c'
'Scanning and building file: ../src/smc_gen/r_bsp/mcu/all/lowsrc.c'

'Invoking: Scanner and Compiler'
'Scanning and building file: ../src/smc_gen/r_bsp/mcu/all/mcu_locks.c'
ccrx -subcommand="src\smc_gen\r_bsp\mcu\all\cDepSubCommand.tmp" -output=dep="src/smc_gen/r_bsp/mcu/all/lowsrc.d"  -MT="src/smc_gen/r_bsp/mcu/all/lowsrc.obj"  -MT="src/smc_gen/r_bsp/mcu/all/lowsrc.d" -listfile="src/smc_gen/r_bsp/mcu/all/lowsrc.lst" "../src/smc_gen/r_bsp/mcu/all/lowsrc.c"
'Invoking: Scanner and Compiler'
ccrx -subcommand="src\smc_gen\r_bsp\mcu\all\cDepSubCommand.tmp" -output=dep="src/smc_gen/r_bsp/mcu/all/mcu_locks.d"  -MT="src/smc_gen/r_bsp/mcu/all/mcu_locks.obj"  -MT="src/smc_gen/r_bsp/mcu/all/mcu_locks.d" -listfile="src/smc_gen/r_bsp/mcu/all/mcu_locks.lst" "../src/smc_gen/r_bsp/mcu/all/mcu_locks.c"
ccrx -subcommand="src\smc_gen\r_bsp\mcu\all\cSubCommand.tmp" -listfile="src/smc_gen/r_bsp/mcu/all/lowsrc.lst" "../src/smc_gen/r_bsp/mcu/all/lowsrc.c"
ccrx -subcommand="src\smc_gen\r_bsp\mcu\all\cSubCommand.tmp" -listfile="src/smc_gen/r_bsp/mcu/all/mcu_locks.lst" "../src/smc_gen/r_bsp/mcu/all/mcu_locks.c"
'Finished Scanning and building: ../src/smc_gen/r_bsp/mcu/all/lowsrc.c'

'Scanning and building file: ../src/smc_gen/r_bsp/mcu/all/r_bsp_common.c'
'Finished Scanning and building: ../src/smc_gen/r_bsp/mcu/all/mcu_locks.c'
'Invoking: Scanner and Compiler'
ccrx -subcommand="src\smc_gen\r_bsp\mcu\all\cDepSubCommand.tmp" -output=dep="src/smc_gen/r_bsp/mcu/all/r_bsp_common.d"  -MT="src/smc_gen/r_bsp/mcu/all/r_bsp_common.obj"  -MT="src/smc_gen/r_bsp/mcu/all/r_bsp_common.d" -listfile="src/smc_gen/r_bsp/mcu/all/r_bsp_common.lst" "../src/smc_gen/r_bsp/mcu/all/r_bsp_common.c"

ccrx -subcommand="src\smc_gen\r_bsp\mcu\all\cSubCommand.tmp" -listfile="src/smc_gen/r_bsp/mcu/all/r_bsp_common.lst" "../src/smc_gen/r_bsp/mcu/all/r_bsp_common.c"
'Scanning and building file: ../src/smc_gen/r_bsp/mcu/all/r_bsp_cpu.c'
'Invoking: Scanner and Compiler'
ccrx -subcommand="src\smc_gen\r_bsp\mcu\all\cDepSubCommand.tmp" -output=dep="src/smc_gen/r_bsp/mcu/all/r_bsp_cpu.d"  -MT="src/smc_gen/r_bsp/mcu/all/r_bsp_cpu.obj"  -MT="src/smc_gen/r_bsp/mcu/all/r_bsp_cpu.d" -listfile="src/smc_gen/r_bsp/mcu/all/r_bsp_cpu.lst" "../src/smc_gen/r_bsp/mcu/all/r_bsp_cpu.c"
../src/smc_gen/r_bsp/mcu/all/r_bsp_common.c(104):M0520826:Parameter "loop_cnt" was never referenced
ccrx -subcommand="src\smc_gen\r_bsp\mcu\all\cSubCommand.tmp" -listfile="src/smc_gen/r_bsp/mcu/all/r_bsp_cpu.lst" "../src/smc_gen/r_bsp/mcu/all/r_bsp_cpu.c"
'Finished Scanning and building: ../src/smc_gen/r_bsp/mcu/all/r_bsp_common.c'

'Scanning and building file: ../src/smc_gen/r_bsp/mcu/all/r_bsp_interrupts.c'
'Invoking: Scanner and Compiler'
ccrx -subcommand="src\smc_gen\r_bsp\mcu\all\cDepSubCommand.tmp" -output=dep="src/smc_gen/r_bsp/mcu/all/r_bsp_interrupts.d"  -MT="src/smc_gen/r_bsp/mcu/all/r_bsp_interrupts.obj"  -MT="src/smc_gen/r_bsp/mcu/all/r_bsp_interrupts.d" -listfile="src/smc_gen/r_bsp/mcu/all/r_bsp_interrupts.lst" "../src/smc_gen/r_bsp/mcu/all/r_bsp_interrupts.c"
ccrx -subcommand="src\smc_gen\r_bsp\mcu\all\cSubCommand.tmp" -listfile="src/smc_gen/r_bsp/mcu/all/r_bsp_interrupts.lst" "../src/smc_gen/r_bsp/mcu/all/r_bsp_interrupts.c"
'Finished Scanning and building: ../src/smc_gen/r_bsp/mcu/all/r_bsp_cpu.c'

'Scanning and building file: ../src/smc_gen/r_bsp/mcu/all/r_bsp_locking.c'
'Invoking: Scanner and Compiler'
ccrx -subcommand="src\smc_gen\r_bsp\mcu\all\cDepSubCommand.tmp" -output=dep="src/smc_gen/r_bsp/mcu/all/r_bsp_locking.d"  -MT="src/smc_gen/r_bsp/mcu/all/r_bsp_locking.obj"  -MT="src/smc_gen/r_bsp/mcu/all/r_bsp_locking.d" -listfile="src/smc_gen/r_bsp/mcu/all/r_bsp_locking.lst" "../src/smc_gen/r_bsp/mcu/all/r_bsp_locking.c"
ccrx -subcommand="src\smc_gen\r_bsp\mcu\all\cSubCommand.tmp" -listfile="src/smc_gen/r_bsp/mcu/all/r_bsp_locking.lst" "../src/smc_gen/r_bsp/mcu/all/r_bsp_locking.c"
'Finished Scanning and building: ../src/smc_gen/r_bsp/mcu/all/r_bsp_interrupts.c'

'Scanning and building file: ../src/smc_gen/r_bsp/mcu/all/r_bsp_mcu_startup.c'
'Invoking: Scanner and Compiler'
ccrx -subcommand="src\smc_gen\r_bsp\mcu\all\cDepSubCommand.tmp" -output=dep="src/smc_gen/r_bsp/mcu/all/r_bsp_mcu_startup.d"  -MT="src/smc_gen/r_bsp/mcu/all/r_bsp_mcu_startup.obj"  -MT="src/smc_gen/r_bsp/mcu/all/r_bsp_mcu_startup.d" -listfile="src/smc_gen/r_bsp/mcu/all/r_bsp_mcu_startup.lst" "../src/smc_gen/r_bsp/mcu/all/r_bsp_mcu_startup.c"
'Finished Scanning and building: ../src/smc_gen/r_bsp/mcu/all/r_bsp_locking.c'
ccrx -subcommand="src\smc_gen\r_bsp\mcu\all\cSubCommand.tmp" -listfile="src/smc_gen/r_bsp/mcu/all/r_bsp_mcu_startup.lst" "../src/smc_gen/r_bsp/mcu/all/r_bsp_mcu_startup.c"

'Scanning and building file: ../src/smc_gen/r_bsp/mcu/all/r_bsp_software_interrupt.c'
'Invoking: Scanner and Compiler'
ccrx -subcommand="src\smc_gen\r_bsp\mcu\all\cDepSubCommand.tmp" -output=dep="src/smc_gen/r_bsp/mcu/all/r_bsp_software_interrupt.d"  -MT="src/smc_gen/r_bsp/mcu/all/r_bsp_software_interrupt.obj"  -MT="src/smc_gen/r_bsp/mcu/all/r_bsp_software_interrupt.d" -listfile="src/smc_gen/r_bsp/mcu/all/r_bsp_software_interrupt.lst" "../src/smc_gen/r_bsp/mcu/all/r_bsp_software_interrupt.c"
ccrx -subcommand="src\smc_gen\r_bsp\mcu\all\cSubCommand.tmp" -listfile="src/smc_gen/r_bsp/mcu/all/r_bsp_software_interrupt.lst" "../src/smc_gen/r_bsp/mcu/all/r_bsp_software_interrupt.c"
'Finished Scanning and building: ../src/smc_gen/r_bsp/mcu/all/r_bsp_mcu_startup.c'

'Scanning and building file: ../src/smc_gen/r_bsp/mcu/all/sbrk.c'
'Invoking: Scanner and Compiler'
ccrx -subcommand="src\smc_gen\r_bsp\mcu\all\cDepSubCommand.tmp" -output=dep="src/smc_gen/r_bsp/mcu/all/sbrk.d"  -MT="src/smc_gen/r_bsp/mcu/all/sbrk.obj"  -MT="src/smc_gen/r_bsp/mcu/all/sbrk.d" -listfile="src/smc_gen/r_bsp/mcu/all/sbrk.lst" "../src/smc_gen/r_bsp/mcu/all/sbrk.c"
ccrx -subcommand="src\smc_gen\r_bsp\mcu\all\cSubCommand.tmp" -listfile="src/smc_gen/r_bsp/mcu/all/sbrk.lst" "../src/smc_gen/r_bsp/mcu/all/sbrk.c"
'Finished Scanning and building: ../src/smc_gen/r_bsp/mcu/all/r_bsp_software_interrupt.c'

'Scanning and building file: C:/Renesas/GitHubDesktop/work/FreeRTOS/FreeRTOS/Source/portable/MemMang/heap_4.c'
'Invoking: Scanner and Compiler'
ccrx -subcommand="src\FreeRTOS\Source\portable\MemMang\cDepSubCommand.tmp" -output=dep="src/FreeRTOS/Source/portable/MemMang/heap_4.d"  -MT="src/FreeRTOS/Source/portable/MemMang/heap_4.obj"  -MT="src/FreeRTOS/Source/portable/MemMang/heap_4.d" "C:/Renesas/GitHubDesktop/work/FreeRTOS/FreeRTOS/Source/portable/MemMang/heap_4.c"
'Finished Scanning and building: ../src/smc_gen/r_bsp/mcu/all/sbrk.c'
ccrx -subcommand="src\FreeRTOS\Source\portable\MemMang\cSubCommand.tmp" "C:/Renesas/GitHubDesktop/work/FreeRTOS/FreeRTOS/Source/portable/MemMang/heap_4.c"

'Scanning and building file: ../src/smc_workaround/r_bsp_patch/resetprg.c'
'Invoking: Scanner and Compiler'
ccrx -subcommand="src\smc_workaround\r_bsp_patch\cDepSubCommand.tmp" -output=dep="src/smc_workaround/r_bsp_patch/resetprg.d"  -MT="src/smc_workaround/r_bsp_patch/resetprg.obj"  -MT="src/smc_workaround/r_bsp_patch/resetprg.d" -listfile="src/smc_workaround/r_bsp_patch/resetprg.lst" "../src/smc_workaround/r_bsp_patch/resetprg.c"
ccrx -subcommand="src\smc_workaround\r_bsp_patch\cSubCommand.tmp" -listfile="src/smc_workaround/r_bsp_patch/resetprg.lst" "../src/smc_workaround/r_bsp_patch/resetprg.c"
'Finished Scanning and building: C:/Renesas/GitHubDesktop/work/FreeRTOS/FreeRTOS/Source/portable/MemMang/heap_4.c'

'Scanning and building file: ../src/smc_gen/r_bsp/mcu/rx72n/mcu_clocks.c'
'Invoking: Scanner and Compiler'
ccrx -subcommand="src\smc_gen\r_bsp\mcu\rx72n\cDepSubCommand.tmp" -output=dep="src/smc_gen/r_bsp/mcu/rx72n/mcu_clocks.d"  -MT="src/smc_gen/r_bsp/mcu/rx72n/mcu_clocks.obj"  -MT="src/smc_gen/r_bsp/mcu/rx72n/mcu_clocks.d" -listfile="src/smc_gen/r_bsp/mcu/rx72n/mcu_clocks.lst" "../src/smc_gen/r_bsp/mcu/rx72n/mcu_clocks.c"
ccrx -subcommand="src\smc_gen\r_bsp\mcu\rx72n\cSubCommand.tmp" -listfile="src/smc_gen/r_bsp/mcu/rx72n/mcu_clocks.lst" "../src/smc_gen/r_bsp/mcu/rx72n/mcu_clocks.c"
'Finished Scanning and building: ../src/smc_workaround/r_bsp_patch/resetprg.c'

'Scanning and building file: ../src/smc_gen/r_bsp/mcu/rx72n/mcu_init.c'
'Invoking: Scanner and Compiler'
ccrx -subcommand="src\smc_gen\r_bsp\mcu\rx72n\cDepSubCommand.tmp" -output=dep="src/smc_gen/r_bsp/mcu/rx72n/mcu_init.d"  -MT="src/smc_gen/r_bsp/mcu/rx72n/mcu_init.obj"  -MT="src/smc_gen/r_bsp/mcu/rx72n/mcu_init.d" -listfile="src/smc_gen/r_bsp/mcu/rx72n/mcu_init.lst" "../src/smc_gen/r_bsp/mcu/rx72n/mcu_init.c"
ccrx -subcommand="src\smc_gen\r_bsp\mcu\rx72n\cSubCommand.tmp" -listfile="src/smc_gen/r_bsp/mcu/rx72n/mcu_init.lst" "../src/smc_gen/r_bsp/mcu/rx72n/mcu_init.c"
'Finished Scanning and building: ../src/smc_gen/r_bsp/mcu/rx72n/mcu_clocks.c'

'Scanning and building file: ../src/smc_gen/r_bsp/mcu/rx72n/mcu_interrupts.c'
'Invoking: Scanner and Compiler'
ccrx -subcommand="src\smc_gen\r_bsp\mcu\rx72n\cDepSubCommand.tmp" -output=dep="src/smc_gen/r_bsp/mcu/rx72n/mcu_interrupts.d"  -MT="src/smc_gen/r_bsp/mcu/rx72n/mcu_interrupts.obj"  -MT="src/smc_gen/r_bsp/mcu/rx72n/mcu_interrupts.d" -listfile="src/smc_gen/r_bsp/mcu/rx72n/mcu_interrupts.lst" "../src/smc_gen/r_bsp/mcu/rx72n/mcu_interrupts.c"
ccrx -subcommand="src\smc_gen\r_bsp\mcu\rx72n\cSubCommand.tmp" -listfile="src/smc_gen/r_bsp/mcu/rx72n/mcu_interrupts.lst" "../src/smc_gen/r_bsp/mcu/rx72n/mcu_interrupts.c"
'Finished Scanning and building: ../src/smc_gen/r_bsp/mcu/rx72n/mcu_init.c'

'Scanning and building file: ../src/smc_gen/r_bsp/mcu/rx72n/mcu_mapped_interrupts.c'
'Invoking: Scanner and Compiler'
ccrx -subcommand="src\smc_gen\r_bsp\mcu\rx72n\cDepSubCommand.tmp" -output=dep="src/smc_gen/r_bsp/mcu/rx72n/mcu_mapped_interrupts.d"  -MT="src/smc_gen/r_bsp/mcu/rx72n/mcu_mapped_interrupts.obj"  -MT="src/smc_gen/r_bsp/mcu/rx72n/mcu_mapped_interrupts.d" -listfile="src/smc_gen/r_bsp/mcu/rx72n/mcu_mapped_interrupts.lst" "../src/smc_gen/r_bsp/mcu/rx72n/mcu_mapped_interrupts.c"
ccrx -subcommand="src\smc_gen\r_bsp\mcu\rx72n\cSubCommand.tmp" -listfile="src/smc_gen/r_bsp/mcu/rx72n/mcu_mapped_interrupts.lst" "../src/smc_gen/r_bsp/mcu/rx72n/mcu_mapped_interrupts.c"
'Finished Scanning and building: ../src/smc_gen/r_bsp/mcu/rx72n/mcu_interrupts.c'

'Scanning and building file: ../src/smc_gen/r_bsp/mcu/rx72n/vecttbl.c'
'Invoking: Scanner and Compiler'
ccrx -subcommand="src\smc_gen\r_bsp\mcu\rx72n\cDepSubCommand.tmp" -output=dep="src/smc_gen/r_bsp/mcu/rx72n/vecttbl.d"  -MT="src/smc_gen/r_bsp/mcu/rx72n/vecttbl.obj"  -MT="src/smc_gen/r_bsp/mcu/rx72n/vecttbl.d" -listfile="src/smc_gen/r_bsp/mcu/rx72n/vecttbl.lst" "../src/smc_gen/r_bsp/mcu/rx72n/vecttbl.c"
ccrx -subcommand="src\smc_gen\r_bsp\mcu\rx72n\cSubCommand.tmp" -listfile="src/smc_gen/r_bsp/mcu/rx72n/vecttbl.lst" "../src/smc_gen/r_bsp/mcu/rx72n/vecttbl.c"
'Finished Scanning and building: ../src/smc_gen/r_bsp/mcu/rx72n/mcu_mapped_interrupts.c'

'Scanning and building file: ../src/FreeRTOS_Demo/Blinky_Demo/main_blinky.c'
'Invoking: Scanner and Compiler'
ccrx -subcommand="src\FreeRTOS_Demo\Blinky_Demo\cDepSubCommand.tmp" -output=dep="src/FreeRTOS_Demo/Blinky_Demo/main_blinky.d"  -MT="src/FreeRTOS_Demo/Blinky_Demo/main_blinky.obj"  -MT="src/FreeRTOS_Demo/Blinky_Demo/main_blinky.d" -listfile="src/FreeRTOS_Demo/Blinky_Demo/main_blinky.lst" "../src/FreeRTOS_Demo/Blinky_Demo/main_blinky.c"
'Finished Scanning and building: ../src/smc_gen/r_bsp/mcu/rx72n/vecttbl.c'
ccrx -subcommand="src\FreeRTOS_Demo\Blinky_Demo\cSubCommand.tmp" -listfile="src/FreeRTOS_Demo/Blinky_Demo/main_blinky.lst" "../src/FreeRTOS_Demo/Blinky_Demo/main_blinky.c"

'Scanning and building file: C:/Renesas/GitHubDesktop/work/FreeRTOS/FreeRTOS-Plus/Source/FreeRTOS-Plus-CLI/FreeRTOS_CLI.c'
'Invoking: Scanner and Compiler'
ccrx -subcommand="src\FreeRTOS_Demo\Full_Demo\FreeRTOS-Plus-CLI\cDepSubCommand.tmp" -output=dep="src/FreeRTOS_Demo/Full_Demo/FreeRTOS-Plus-CLI/FreeRTOS_CLI.d"  -MT="src/FreeRTOS_Demo/Full_Demo/FreeRTOS-Plus-CLI/FreeRTOS_CLI.obj"  -MT="src/FreeRTOS_Demo/Full_Demo/FreeRTOS-Plus-CLI/FreeRTOS_CLI.d" "C:/Renesas/GitHubDesktop/work/FreeRTOS/FreeRTOS-Plus/Source/FreeRTOS-Plus-CLI/FreeRTOS_CLI.c"
ccrx -subcommand="src\FreeRTOS_Demo\Full_Demo\FreeRTOS-Plus-CLI\cSubCommand.tmp" "C:/Renesas/GitHubDesktop/work/FreeRTOS/FreeRTOS-Plus/Source/FreeRTOS-Plus-CLI/FreeRTOS_CLI.c"
'Finished Scanning and building: ../src/FreeRTOS_Demo/Blinky_Demo/main_blinky.c'

'Scanning and building file: ../src/FreeRTOS_Demo/Full_Demo/IntQueueTimer.c'
'Invoking: Scanner and Compiler'
ccrx -subcommand="src\FreeRTOS_Demo\Full_Demo\cDepSubCommand.tmp" -output=dep="src/FreeRTOS_Demo/Full_Demo/IntQueueTimer.d"  -MT="src/FreeRTOS_Demo/Full_Demo/IntQueueTimer.obj"  -MT="src/FreeRTOS_Demo/Full_Demo/IntQueueTimer.d" -listfile="src/FreeRTOS_Demo/Full_Demo/IntQueueTimer.lst" "../src/FreeRTOS_Demo/Full_Demo/IntQueueTimer.c"
'Finished Scanning and building: C:/Renesas/GitHubDesktop/work/FreeRTOS/FreeRTOS-Plus/Source/FreeRTOS-Plus-CLI/FreeRTOS_CLI.c'
ccrx -subcommand="src\FreeRTOS_Demo\Full_Demo\cSubCommand.tmp" -listfile="src/FreeRTOS_Demo/Full_Demo/IntQueueTimer.lst" "../src/FreeRTOS_Demo/Full_Demo/IntQueueTimer.c"

'Scanning and building file: C:/Renesas/GitHubDesktop/work/FreeRTOS/FreeRTOS-Plus/Demo/Common/FreeRTOS_Plus_CLI_Demos/Sample-CLI-commands.c'
'Invoking: Scanner and Compiler'
ccrx -subcommand="src\FreeRTOS_Demo\Full_Demo\Sample-CLI-commandscDepSubCommand.tmp" "C:/Renesas/GitHubDesktop/work/FreeRTOS/FreeRTOS-Plus/Demo/Common/FreeRTOS_Plus_CLI_Demos/Sample-CLI-commands.c"
ccrx -subcommand="src\FreeRTOS_Demo\Full_Demo\Sample-CLI-commandscSubCommand.tmp" "C:/Renesas/GitHubDesktop/work/FreeRTOS/FreeRTOS-Plus/Demo/Common/FreeRTOS_Plus_CLI_Demos/Sample-CLI-commands.c"
'Finished Scanning and building: ../src/FreeRTOS_Demo/Full_Demo/IntQueueTimer.c'

'Scanning and building file: C:/Renesas/GitHubDesktop/work/FreeRTOS/FreeRTOS-Plus/Demo/Common/FreeRTOS_Plus_CLI_Demos/UARTCommandConsole.c'
'Finished Scanning and building: C:/Renesas/GitHubDesktop/work/FreeRTOS/FreeRTOS-Plus/Demo/Common/FreeRTOS_Plus_CLI_Demos/Sample-CLI-commands.c'
'Invoking: Scanner and Compiler'
ccrx -subcommand="src\FreeRTOS_Demo\Full_Demo\UARTCommandConsolecDepSubCommand.tmp" "C:/Renesas/GitHubDesktop/work/FreeRTOS/FreeRTOS-Plus/Demo/Common/FreeRTOS_Plus_CLI_Demos/UARTCommandConsole.c"

ccrx -subcommand="src\FreeRTOS_Demo\Full_Demo\UARTCommandConsolecSubCommand.tmp" "C:/Renesas/GitHubDesktop/work/FreeRTOS/FreeRTOS-Plus/Demo/Common/FreeRTOS_Plus_CLI_Demos/UARTCommandConsole.c"
'Scanning and building file: ../src/FreeRTOS_Demo/Full_Demo/main_full.c'
'Invoking: Scanner and Compiler'
ccrx -subcommand="src\FreeRTOS_Demo\Full_Demo\cDepSubCommand.tmp" -output=dep="src/FreeRTOS_Demo/Full_Demo/main_full.d"  -MT="src/FreeRTOS_Demo/Full_Demo/main_full.obj"  -MT="src/FreeRTOS_Demo/Full_Demo/main_full.d" -listfile="src/FreeRTOS_Demo/Full_Demo/main_full.lst" "../src/FreeRTOS_Demo/Full_Demo/main_full.c"
ccrx -subcommand="src\FreeRTOS_Demo\Full_Demo\cSubCommand.tmp" -listfile="src/FreeRTOS_Demo/Full_Demo/main_full.lst" "../src/FreeRTOS_Demo/Full_Demo/main_full.c"
'Finished Scanning and building: C:/Renesas/GitHubDesktop/work/FreeRTOS/FreeRTOS-Plus/Demo/Common/FreeRTOS_Plus_CLI_Demos/UARTCommandConsole.c'

'Scanning and building file: ../src/FreeRTOS_Demo/Full_Demo/serial.c'
'Invoking: Scanner and Compiler'
ccrx -subcommand="src\FreeRTOS_Demo\Full_Demo\cDepSubCommand.tmp" -output=dep="src/FreeRTOS_Demo/Full_Demo/serial.d"  -MT="src/FreeRTOS_Demo/Full_Demo/serial.obj"  -MT="src/FreeRTOS_Demo/Full_Demo/serial.d" -listfile="src/FreeRTOS_Demo/Full_Demo/serial.lst" "../src/FreeRTOS_Demo/Full_Demo/serial.c"
ccrx -subcommand="src\FreeRTOS_Demo\Full_Demo\cSubCommand.tmp" -listfile="src/FreeRTOS_Demo/Full_Demo/serial.lst" "../src/FreeRTOS_Demo/Full_Demo/serial.c"
'Finished Scanning and building: ../src/FreeRTOS_Demo/Full_Demo/main_full.c'

'Scanning and building file: ../src/smc_gen/r_gpio_rx/src/targets/rx72n/r_gpio_rx72n.c'
'Invoking: Scanner and Compiler'
ccrx -subcommand="src\smc_gen\r_gpio_rx\src\targets\rx72n\cDepSubCommand.tmp" -output=dep="src/smc_gen/r_gpio_rx/src/targets/rx72n/r_gpio_rx72n.d"  -MT="src/smc_gen/r_gpio_rx/src/targets/rx72n/r_gpio_rx72n.obj"  -MT="src/smc_gen/r_gpio_rx/src/targets/rx72n/r_gpio_rx72n.d" -listfile="src/smc_gen/r_gpio_rx/src/targets/rx72n/r_gpio_rx72n.lst" "../src/smc_gen/r_gpio_rx/src/targets/rx72n/r_gpio_rx72n.c"
ccrx -subcommand="src\smc_gen\r_gpio_rx\src\targets\rx72n\cSubCommand.tmp" -listfile="src/smc_gen/r_gpio_rx/src/targets/rx72n/r_gpio_rx72n.lst" "../src/smc_gen/r_gpio_rx/src/targets/rx72n/r_gpio_rx72n.c"
'Finished Scanning and building: ../src/FreeRTOS_Demo/Full_Demo/serial.c'

'Scanning and building file: ../src/smc_gen/r_bsp/board/generic_rx72n/hwsetup.c'
'Invoking: Scanner and Compiler'
ccrx -subcommand="src\smc_gen\r_bsp\board\generic_rx72n\cDepSubCommand.tmp" -output=dep="src/smc_gen/r_bsp/board/generic_rx72n/hwsetup.d"  -MT="src/smc_gen/r_bsp/board/generic_rx72n/hwsetup.obj"  -MT="src/smc_gen/r_bsp/board/generic_rx72n/hwsetup.d" -listfile="src/smc_gen/r_bsp/board/generic_rx72n/hwsetup.lst" "../src/smc_gen/r_bsp/board/generic_rx72n/hwsetup.c"
ccrx -subcommand="src\smc_gen\r_bsp\board\generic_rx72n\cSubCommand.tmp" -listfile="src/smc_gen/r_bsp/board/generic_rx72n/hwsetup.lst" "../src/smc_gen/r_bsp/board/generic_rx72n/hwsetup.c"
'Finished Scanning and building: ../src/smc_gen/r_gpio_rx/src/targets/rx72n/r_gpio_rx72n.c'

'Scanning and building file: ../src/smc_gen/r_gpio_rx/src/r_gpio_rx.c'
'Invoking: Scanner and Compiler'
ccrx -subcommand="src\smc_gen\r_gpio_rx\src\cDepSubCommand.tmp" -output=dep="src/smc_gen/r_gpio_rx/src/r_gpio_rx.d"  -MT="src/smc_gen/r_gpio_rx/src/r_gpio_rx.obj"  -MT="src/smc_gen/r_gpio_rx/src/r_gpio_rx.d" -listfile="src/smc_gen/r_gpio_rx/src/r_gpio_rx.lst" "../src/smc_gen/r_gpio_rx/src/r_gpio_rx.c"
ccrx -subcommand="src\smc_gen\r_gpio_rx\src\cSubCommand.tmp" -listfile="src/smc_gen/r_gpio_rx/src/r_gpio_rx.lst" "../src/smc_gen/r_gpio_rx/src/r_gpio_rx.c"
'Finished Scanning and building: ../src/smc_gen/r_bsp/board/generic_rx72n/hwsetup.c'

'Scanning and building file: ../src/smc_workaround/FIT_patch.c'
'Invoking: Scanner and Compiler'
ccrx -subcommand="src\smc_workaround\cDepSubCommand.tmp" -output=dep="src/smc_workaround/FIT_patch.d"  -MT="src/smc_workaround/FIT_patch.obj"  -MT="src/smc_workaround/FIT_patch.d" -listfile="src/smc_workaround/FIT_patch.lst" "../src/smc_workaround/FIT_patch.c"
ccrx -subcommand="src\smc_workaround\cSubCommand.tmp" -listfile="src/smc_workaround/FIT_patch.lst" "../src/smc_workaround/FIT_patch.c"
'Finished Scanning and building: ../src/smc_gen/r_gpio_rx/src/r_gpio_rx.c'

'Scanning and building file: ../src/smc_workaround/IDE_helper.c'
'Invoking: Scanner and Compiler'
ccrx -subcommand="src\smc_workaround\cDepSubCommand.tmp" -output=dep="src/smc_workaround/IDE_helper.d"  -MT="src/smc_workaround/IDE_helper.obj"  -MT="src/smc_workaround/IDE_helper.d" -listfile="src/smc_workaround/IDE_helper.lst" "../src/smc_workaround/IDE_helper.c"
ccrx -subcommand="src\smc_workaround\cSubCommand.tmp" -listfile="src/smc_workaround/IDE_helper.lst" "../src/smc_workaround/IDE_helper.c"
'Finished Scanning and building: ../src/smc_workaround/FIT_patch.c'

'Scanning and building file: ../src/smc_workaround/sim_debug_mode_hook.c'
'Invoking: Scanner and Compiler'
ccrx -subcommand="src\smc_workaround\cDepSubCommand.tmp" -output=dep="src/smc_workaround/sim_debug_mode_hook.d"  -MT="src/smc_workaround/sim_debug_mode_hook.obj"  -MT="src/smc_workaround/sim_debug_mode_hook.d" -listfile="src/smc_workaround/sim_debug_mode_hook.lst" "../src/smc_workaround/sim_debug_mode_hook.c"
ccrx -subcommand="src\smc_workaround\cSubCommand.tmp" -listfile="src/smc_workaround/sim_debug_mode_hook.lst" "../src/smc_workaround/sim_debug_mode_hook.c"
'Finished Scanning and building: ../src/smc_workaround/IDE_helper.c'

'Scanning and building file: ../src/smc_workaround/u_bsp_lowlvl_ext.c'
'Finished Scanning and building: ../src/smc_workaround/sim_debug_mode_hook.c'

'Invoking: Scanner and Compiler'
ccrx -subcommand="src\smc_workaround\cDepSubCommand.tmp" -output=dep="src/smc_workaround/u_bsp_lowlvl_ext.d"  -MT="src/smc_workaround/u_bsp_lowlvl_ext.obj"  -MT="src/smc_workaround/u_bsp_lowlvl_ext.d" -listfile="src/smc_workaround/u_bsp_lowlvl_ext.lst" "../src/smc_workaround/u_bsp_lowlvl_ext.c"
'Scanning and building file: C:/Renesas/GitHubDesktop/work/FreeRTOS/FreeRTOS/Source/event_groups.c'
ccrx -subcommand="src\smc_workaround\cSubCommand.tmp" -listfile="src/smc_workaround/u_bsp_lowlvl_ext.lst" "../src/smc_workaround/u_bsp_lowlvl_ext.c"
'Invoking: Scanner and Compiler'
ccrx -subcommand="src\FreeRTOS\Source\cDepSubCommand.tmp" -output=dep="src/FreeRTOS/Source/event_groups.d"  -MT="src/FreeRTOS/Source/event_groups.obj"  -MT="src/FreeRTOS/Source/event_groups.d" "C:/Renesas/GitHubDesktop/work/FreeRTOS/FreeRTOS/Source/event_groups.c"
ccrx -subcommand="src\FreeRTOS\Source\cSubCommand.tmp" "C:/Renesas/GitHubDesktop/work/FreeRTOS/FreeRTOS/Source/event_groups.c"
'Finished Scanning and building: ../src/smc_workaround/u_bsp_lowlvl_ext.c'

'Finished Scanning and building: C:/Renesas/GitHubDesktop/work/FreeRTOS/FreeRTOS/Source/event_groups.c'
'Scanning and building file: C:/Renesas/GitHubDesktop/work/FreeRTOS/FreeRTOS/Source/list.c'

'Invoking: Scanner and Compiler'
ccrx -subcommand="src\FreeRTOS\Source\cDepSubCommand.tmp" -output=dep="src/FreeRTOS/Source/list.d"  -MT="src/FreeRTOS/Source/list.obj"  -MT="src/FreeRTOS/Source/list.d" "C:/Renesas/GitHubDesktop/work/FreeRTOS/FreeRTOS/Source/list.c"
'Scanning and building file: C:/Renesas/GitHubDesktop/work/FreeRTOS/FreeRTOS/Source/queue.c'
'Invoking: Scanner and Compiler'
ccrx -subcommand="src\FreeRTOS\Source\cDepSubCommand.tmp" -output=dep="src/FreeRTOS/Source/queue.d"  -MT="src/FreeRTOS/Source/queue.obj"  -MT="src/FreeRTOS/Source/queue.d" "C:/Renesas/GitHubDesktop/work/FreeRTOS/FreeRTOS/Source/queue.c"
ccrx -subcommand="src\FreeRTOS\Source\cSubCommand.tmp" "C:/Renesas/GitHubDesktop/work/FreeRTOS/FreeRTOS/Source/list.c"
ccrx -subcommand="src\FreeRTOS\Source\cSubCommand.tmp" "C:/Renesas/GitHubDesktop/work/FreeRTOS/FreeRTOS/Source/queue.c"
'Finished Scanning and building: C:/Renesas/GitHubDesktop/work/FreeRTOS/FreeRTOS/Source/list.c'

'Scanning and building file: C:/Renesas/GitHubDesktop/work/FreeRTOS/FreeRTOS/Source/stream_buffer.c'
'Invoking: Scanner and Compiler'
ccrx -subcommand="src\FreeRTOS\Source\cDepSubCommand.tmp" -output=dep="src/FreeRTOS/Source/stream_buffer.d"  -MT="src/FreeRTOS/Source/stream_buffer.obj"  -MT="src/FreeRTOS/Source/stream_buffer.d" "C:/Renesas/GitHubDesktop/work/FreeRTOS/FreeRTOS/Source/stream_buffer.c"
ccrx -subcommand="src\FreeRTOS\Source\cSubCommand.tmp" "C:/Renesas/GitHubDesktop/work/FreeRTOS/FreeRTOS/Source/stream_buffer.c"
'Finished Scanning and building: C:/Renesas/GitHubDesktop/work/FreeRTOS/FreeRTOS/Source/queue.c'

'Scanning and building file: C:/Renesas/GitHubDesktop/work/FreeRTOS/FreeRTOS/Source/tasks.c'
'Invoking: Scanner and Compiler'
ccrx -subcommand="src\FreeRTOS\Source\cDepSubCommand.tmp" -output=dep="src/FreeRTOS/Source/tasks.d"  -MT="src/FreeRTOS/Source/tasks.obj"  -MT="src/FreeRTOS/Source/tasks.d" "C:/Renesas/GitHubDesktop/work/FreeRTOS/FreeRTOS/Source/tasks.c"
'Finished Scanning and building: C:/Renesas/GitHubDesktop/work/FreeRTOS/FreeRTOS/Source/stream_buffer.c'

ccrx -subcommand="src\FreeRTOS\Source\cSubCommand.tmp" "C:/Renesas/GitHubDesktop/work/FreeRTOS/FreeRTOS/Source/tasks.c"
'Scanning and building file: C:/Renesas/GitHubDesktop/work/FreeRTOS/FreeRTOS/Source/timers.c'
'Invoking: Scanner and Compiler'
ccrx -subcommand="src\FreeRTOS\Source\cDepSubCommand.tmp" -output=dep="src/FreeRTOS/Source/timers.d"  -MT="src/FreeRTOS/Source/timers.obj"  -MT="src/FreeRTOS/Source/timers.d" "C:/Renesas/GitHubDesktop/work/FreeRTOS/FreeRTOS/Source/timers.c"
ccrx -subcommand="src\FreeRTOS\Source\cSubCommand.tmp" "C:/Renesas/GitHubDesktop/work/FreeRTOS/FreeRTOS/Source/timers.c"
'Finished Scanning and building: C:/Renesas/GitHubDesktop/work/FreeRTOS/FreeRTOS/Source/timers.c'

'Scanning and building file: ../src/frtos_startup/freertos_object_init.c'
'Invoking: Scanner and Compiler'
ccrx -subcommand="src\frtos_startup\cDepSubCommand.tmp" -output=dep="src/frtos_startup/freertos_object_init.d"  -MT="src/frtos_startup/freertos_object_init.obj"  -MT="src/frtos_startup/freertos_object_init.d" -listfile="src/frtos_startup/freertos_object_init.lst" "../src/frtos_startup/freertos_object_init.c"
ccrx -subcommand="src\frtos_startup\cSubCommand.tmp" -listfile="src/frtos_startup/freertos_object_init.lst" "../src/frtos_startup/freertos_object_init.c"
'Finished Scanning and building: C:/Renesas/GitHubDesktop/work/FreeRTOS/FreeRTOS/Source/tasks.c'

'Scanning and building file: ../src/frtos_startup/freertos_start.c'
'Invoking: Scanner and Compiler'
'Finished Scanning and building: ../src/frtos_startup/freertos_object_init.c'
ccrx -subcommand="src\frtos_startup\cDepSubCommand.tmp" -output=dep="src/frtos_startup/freertos_start.d"  -MT="src/frtos_startup/freertos_start.obj"  -MT="src/frtos_startup/freertos_start.d" -listfile="src/frtos_startup/freertos_start.lst" "../src/frtos_startup/freertos_start.c"

'Scanning and building file: C:/Renesas/GitHubDesktop/work/FreeRTOS/FreeRTOS/Source/portable/Renesas/RX_RenesasSim/port_asm.src'
ccrx -subcommand="src\frtos_startup\cSubCommand.tmp" -listfile="src/frtos_startup/freertos_start.lst" "../src/frtos_startup/freertos_start.c"
'Invoking: Scanner and Assembler'
asrx -subcommand="src\FreeRTOS\Source\portable\Renesas\RX_RenesasSim\srcDepSubCommand.tmp" -MF="src/FreeRTOS/Source/portable/Renesas/RX_RenesasSim/port_asm.d" -MT="src/FreeRTOS/Source/portable/Renesas/RX_RenesasSim/port_asm.obj" -MT="src/FreeRTOS/Source/portable/Renesas/RX_RenesasSim/port_asm.d" "C:/Renesas/GitHubDesktop/work/FreeRTOS/FreeRTOS/Source/portable/Renesas/RX_RenesasSim/port_asm.src"
asrx -subcommand="src\FreeRTOS\Source\portable\Renesas\RX_RenesasSim\srcSubCommand.tmp" -output="src/FreeRTOS/Source/portable/Renesas/RX_RenesasSim/port_asm.obj" "C:/Renesas/GitHubDesktop/work/FreeRTOS/FreeRTOS/Source/portable/Renesas/RX_RenesasSim/port_asm.src"
'Finished Scanning and building: C:/Renesas/GitHubDesktop/work/FreeRTOS/FreeRTOS/Source/portable/Renesas/RX_RenesasSim/port_asm.src'

'Invoking: Library Generator'
lbgrx -subcommand="LibraryGeneratorRTOSDemo.tmp"
'Finished Scanning and building: ../src/frtos_startup/freertos_start.c'

Library Generator Completed
'Finished building:'

'Invoking: Linker'
rlink -subcommand="LinkerRTOSDemo.tmp"

W0561017:The evaluation period has expired


RAMDATA SECTION:  0000d604 Byte(s)
ROMDATA SECTION:  0000197d Byte(s)
PROGRAM SECTION:  0000d27c Byte(s)

Renesas Optimizing Linker Completed
'Finished building:'

C:\Renesas\e2studio64\SupportFiles\.eclipse\com.renesas.platform_1094776022\Utilities\\ccrx\renesas_cc_converter.exe RTOSDemo.abs RTOSDemo.x
'Invoking: Converter'
Loading input file RTOSDemo.abs
Parsing the ELF input file.....
36 segments required LMA fixes
Converting the DWARF information....
Constructing the output ELF image....
Saving the ELF output file RTOSDemo.x
'Building target:'
rlink "RTOSDemo.abs" -subcommand="ConverterRTOSDemo.tmp"

W0561017:The evaluation period has expired

Renesas Optimizing Linker Completed
'Finished building target:'

udcollector -subcommand=udSubcommand.tmp -output=RTOSDemo.udm
'Build complete.'

12:49:49 Build Finished. 0 errors, 4 warnings. (took 2m:29s.869ms)

Description	Resource	Location	Path	Type
W0561017: The evaluation period has expired	RTOSDemo	 		C/C++ Problem
W0521105: #warning directive: Testing for DPFPU support in this port is not yet complete	port.c	line 51	/RTOSDemo/src/FreeRTOS/Source/portable/Renesas/RX_RenesasSim	C/C++ Problem
M0520826: Parameter "loop_cnt" was never referenced	r_bsp_common.c	line 104	/RTOSDemo/src/smc_gen/r_bsp/mcu/all	C/C++ Problem
